
============= MEMWATCH 2.71 Copyright (C) 1992-1999 Johan Lindh =============

Started at Mon Nov  9 14:26:48 2015

Modes: __STDC__ 64-bit mwDWORD==(unsigned int)
mwROUNDALLOC==8 sizeof(mwData)==56 mwDataSize==56

NULL free: <2> procnanny.c(89), NULL pointer free'd

Stopped at Mon Nov  9 14:26:57 2015


Memory usage statistics (global):
 N)umber of allocations made: 5
 L)argest memory usage      : 225572
 T)otal of all alloc() calls: 225572
 U)nfreed bytes totals      : 0

============= MEMWATCH 2.71 Copyright (C) 1992-1999 Johan Lindh =============

Started at Mon Nov  9 14:26:48 2015

Modes: __STDC__ 64-bit mwDWORD==(unsigned int)
mwROUNDALLOC==8 sizeof(mwData)==56 mwDataSize==56

NULL free: <2> procnanny.c(89), NULL pointer free'd

Stopped at Mon Nov  9 14:26:57 2015


Memory usage statistics (global):
 N)umber of allocations made: 5
 L)argest memory usage      : 225572
 T)otal of all alloc() calls: 225572
 U)nfreed bytes totals      : 0
