[Thu Oct 29 17:37:59 2015] Info: No 'test' processes found.
[Thu Oct 29 17:37:59 2015] Info: Initializing monitoring of process 'b.out' (PID 29718).
[Thu Oct 29 17:37:59 2015] Action: PID 29718 ('b.out') killed after exceeding 0 seconds.
[Thu Oct 29 17:37:59 2015] Info: Exiting. 1 process(es) killed.

[Thu Oct 29 17:39:35 2015] Info: No 'test' processes found.
[Thu Oct 29 17:39:35 2015] Info: Initializing monitoring of process 'b.out' (PID 31397).
[Thu Oct 29 17:39:35 2015] Action: PID 31397 ('b.out') killed after exceeding 0 seconds.
[Thu Oct 29 17:39:35 2015] Info: Exiting. 1 process(es) killed.

[Thu Oct 29 17:40:52 2015] Info: No 'test' processes found.
[Thu Oct 29 17:49:48 2015] Info: No 'test' processes found.
[Thu Oct 29 17:49:48 2015] Info: Initializing monitoring of process 'b.out' (PID 31425).
[Thu Oct 29 17:49:53 2015] Action: PID 31425 ('b.out') killed after exceeding 5 seconds.
[Thu Oct 29 17:49:53 2015] Info: Exiting. 1 process(es) killed.

[Sun Nov  8 14:42:28 2015] Info: No 'test' processes found.
[Sun Nov  8 14:52:13 2015] Info: No 'test' processes found.
[Sun Nov  8 14:53:41 2015] Info: No 'test' processes found.
[Sun Nov  8 14:55:39 2015] Info: No 'test' processes found.
[Sun Nov  8 15:02:32 2015] Info: No 'test' processes found.
[Sun Nov  8 15:02:58 2015] Info: No 'test' processes found.
[Sun Nov  8 15:04:35 2015] Info: No 'test' processes found.
[Sun Nov  8 15:11:13 2015] Info: Initializing monitoring of process 'b.out' (PID 15851).
[Sun Nov  8 15:16:34 2015] Info: No 'test' processes found.
[Sun Nov  8 15:16:34 2015] Info: Initializing monitoring of process 'b.out' (PID 15851).
[Sun Nov  8 15:40:46 2015] Info: No 'test' processes found.
[Sun Nov  8 15:40:46 2015] Info: No '[Sun' processes found.
[Sun Nov  8 15:40:46 2015] Info: No '[Sun' processes found.
[Sun Nov  8 15:40:46 2015] Info: No '[Sun' processes found.
[Sun Nov  8 15:40:46 2015] Info: No '[Sun' processes found.
[Sun Nov  8 15:40:46 2015] Info: No '[Sun' processes found.
[Sun Nov  8 15:40:46 2015] Info: No '[Sun' processes found.
[Sun Nov  8 15:40:46 2015] Info: No '[Sun' processes found.
[Sun Nov  8 15:40:46 2015] Info: No '
' processes found.
[Sun Nov  8 15:40:46 2015] Info: No '[Sun' processes found.
[Sun Nov  8 15:40:46 2015] Info: No '[Sun' processes found.
[Sun Nov  8 15:40:46 2015] Info: No '[Sun' processes found.
[Sun Nov  8 15:40:46 2015] Info: No '[Sun' processes found.
[Sun Nov  8 15:40:46 2015] Info: No '[Sun' processes found.
[Sun Nov  8 15:40:46 2015] Info: No '[Sun' processes found.
[Sun Nov  8 15:40:46 2015] Info: No '[Sun' processes found.
[Sun Nov  8 15:40:46 2015] Info: No '[Sun' processes found.
[Sun Nov  8 15:40:46 2015] Info: No '[Sun' processes found.
[Sun Nov  8 15:40:46 2015] Info: No ''' processes found.
[Sun Nov  8 15:40:46 2015] Info: No '[Sun' processes found.
[Sun Nov  8 15:40:46 2015] Info: No '[Sun' processes found.
[Sun Nov  8 15:40:46 2015] Info: No '
' processes found.
[Sun Nov  8 15:40:46 2015] Info: No '[Sun' processes found.
[Sun Nov  8 15:40:46 2015] Info: No '[Sun' processes found.
[Sun Nov  8 15:40:46 2015] Info: No '[Sun' processes found.
[Sun Nov  8 15:40:46 2015] Info: No '[Sun' processes found.
[Sun Nov  8 15:40:46 2015] Info: No '[Sun' processes found.
[Sun Nov  8 15:40:46 2015] Info: No '[Sun' processes found.
[Sun Nov  8 15:40:46 2015] Info: No '[Sun' processes found.
[Sun Nov  8 15:40:46 2015] Info: No '[Sun' processes found.
[Sun Nov  8 15:40:46 2015] Info: No '[Sun' processes found.
[Sun Nov  8 15:40:46 2015] Info: No ''' processes found.
[Sun Nov  8 15:40:46 2015] Info: No '[Sun' processes found.
[Sun Nov  8 15:40:46 2015] Info: No '[Sun' processes found.
[Sun Nov  8 15:40:46 2015] Info: No '[Sun' processes found.
[Sun Nov  8 15:40:46 2015] Info: No '[Sun' processes found.
[Sun Nov  8 15:40:46 2015] Info: No '[Sun' processes found.
[Sun Nov  8 15:40:46 2015] Info: No '[Sun' processes found.
[Sun Nov  8 15:40:46 2015] Info: No '[Sun' processes found.
[Sun Nov  8 15:40:46 2015] Info: No '[Sun' processes found.
[Sun Nov  8 15:40:46 2015] Info: No '[Sun' processes found.
[Sun Nov  8 15:40:46 2015] Info: No '[Sun' processes found.
[Sun Nov  8 15:40:46 2015] Info: No '[Sun' processes found.
[Sun Nov  8 15:40:46 2015] Info: No '[Sun' processes found.
[Sun Nov  8 15:40:46 2015] Info: No '[Sun' processes found.
[Sun Nov  8 15:40:46 2015] Info: No ''' processes found.
[Sun Nov  8 15:40:46 2015] Info: No '[Sun' processes found.
[Sun Nov  8 15:40:46 2015] Info: No '[Sun' processes found.
[Sun Nov  8 15:40:46 2015] Info: No '[Sun' processes found.
[Sun Nov  8 15:40:46 2015] Info: No '[Sun' processes found.
[Sun Nov  8 15:40:46 2015] Info: No '[Sun' processes found.
[Sun Nov  8 15:40:46 2015] Info: No '[Sun' processes found.
[Sun Nov  8 15:40:46 2015] Info: No '[Sun' processes found.
[Sun Nov  8 15:40:46 2015] Info: No '[Sun' processes found.
[Sun Nov  8 15:40:46 2015] Info: No '[Sun' processes found.
[Sun Nov  8 15:40:46 2015] Info: No '[Sun' processes found.
[Sun Nov  8 15:40:46 2015] Info: No ''' processes found.
[Sun Nov  8 15:40:46 2015] Info: No '[Sun' processes found.
[Sun Nov  8 15:40:46 2015] Info: No '[Sun' processes found.
[Sun Nov  8 15:40:46 2015] Info: No '[Sun' processes found.
[Sun Nov  8 15:40:46 2015] Info: No '[Sun' processes found.
[Sun Nov  8 15:40:46 2015] Info: No '[Sun' processes found.
[Sun Nov  8 15:40:46 2015] Info: No '[Sun' processes found.
[Sun Nov  8 15:40:46 2015] Info: No '[Sun' processes found.
[Sun Nov  8 15:40:46 2015] Info: No '[Sun' processes found.
[Sun Nov  8 15:40:46 2015] Info: No '[Sun' processes found.
[Sun Nov  8 15:40:46 2015] Info: No '[Sun' processes found.
[Sun Nov  8 15:40:46 2015] Info: No '[Sun' processes found.
[Sun Nov  8 15:40:46 2015] Info: No '[Sun' processes found.
[Sun Nov  8 15:40:46 2015] Info: No '[Sun' processes found.
[Sun Nov  8 15:40:46 2015] Info: No ''' processes found.
[Sun Nov  8 15:40:46 2015] Info: No '[Sun' processes found.
[Sun Nov  8 15:40:46 2015] Info: No '[Sun' processes found.
[Sun Nov  8 15:40:46 2015] Info: No '[Sun' processes found.
[Sun Nov  8 15:40:46 2015] Info: No '[Sun' processes found.
[Sun Nov  8 15:40:46 2015] Info: No '[Sun' processes found.
[Sun Nov  8 15:40:46 2015] Info: No '[Sun' processes found.
[Sun Nov  8 15:40:46 2015] Info: No '[Sun' processes found.
[Sun Nov  8 15:40:46 2015] Info: No '[Sun' processes found.
[Sun Nov  8 15:40:46 2015] Info: No '[Sun' processes found.
[Sun Nov  8 15:40:46 2015] Info: No '[Sun' processes found.
[Sun Nov  8 15:40:46 2015] Info: No '[Sun' processes found.
[Sun Nov  8 15:40:46 2015] Info: No '[Sun' processes found.
[Sun Nov  8 15:40:46 2015] Info: No '[Sun' processes found.
[Sun Nov  8 15:40:46 2015] Info: No '[Sun' processes found.
[Sun Nov  8 15:40:46 2015] Info: No '[Sun' processes found.
[Sun Nov  8 15:40:46 2015] Info: No '[Sun' processes found.
[Sun Nov  8 15:40:46 2015] Info: No '[Sun' processes found.
[Sun Nov  8 15:40:46 2015] Info: No '[Sun' processes found.
[Sun Nov  8 15:40:46 2015] Info: No '[Sun' processes found.
[Sun Nov  8 15:40:46 2015] Info: No '[Sun' processes found.
[Sun Nov  8 15:40:46 2015] Info: No '[Sun' processes found.
[Sun Nov  8 15:40:46 2015] Info: No '[Sun' processes found.
[Sun Nov  8 15:40:46 2015] Info: No '[Sun' processes found.
[Sun Nov  8 15:40:46 2015] Info: No '[Sun' processes found.
[Sun Nov  8 15:40:46 2015] Info: No '[Sun' processes found.
[Sun Nov  8 15:40:46 2015] Info: No '[Sun' processes found.
[Sun Nov  8 15:40:46 2015] Info: No '[Sun' processes found.
[Sun Nov  8 15:40:46 2015] Info: No '
' processes found.
[Sun Nov  8 15:40:46 2015] Info: No '[Sun' processes found.
[Sun Nov  8 15:40:46 2015] Info: No '[Sun' processes found.
[Sun Nov  8 15:40:46 2015] Info: No '[Sun' processes found.
[Sun Nov  8 15:40:46 2015] Info: No '[Sun' processes found.
[Sun Nov  8 15:40:46 2015] Info: No '[Sun' processes found.
[Sun Nov  8 15:40:46 2015] Info: No '[Sun' processes found.
[Sun Nov  8 15:40:46 2015] Info: No '[Sun' processes found.
[Sun Nov  8 15:40:46 2015] Info: No '[Sun' processes found.
[Sun Nov  8 15:40:46 2015] Info: No '[Sun' processes found.
[Sun Nov  8 15:40:46 2015] Info: No ''' processes found.
[Sun Nov  8 15:40:46 2015] Info: No '[Sun' processes found.
[Sun Nov  8 15:40:46 2015] Info: No '[Sun' processes found.
[Sun Nov  8 15:40:46 2015] Info: No '[Sun' processes found.
[Sun Nov  8 15:40:46 2015] Info: No '[Sun' processes found.
[Sun Nov  8 15:40:46 2015] Info: No '[Sun' processes found.
[Sun Nov  8 15:40:46 2015] Info: No '[Sun' processes found.
[Sun Nov  8 15:40:46 2015] Info: No '[Sun' processes found.
[Sun Nov  8 15:40:46 2015] Info: No '[Sun' processes found.
[Sun Nov  8 15:40:46 2015] Info: No '[Sun' processes found.
[Sun Nov  8 15:40:46 2015] Info: No '[Sun' processes found.
[Sun Nov  8 15:40:46 2015] Info: No '[Sun' processes found.
[Sun Nov  8 15:40:46 2015] Info: No '[Sun' processes found.
[Sun Nov  8 15:40:46 2015] Info: No '[Sun' processes found.
[Sun Nov  8 15:40:46 2015] Info: No ''' processes found.
[Sun Nov  8 15:40:46 2015] Info: No '[Sun' processes found.
[Sun Nov  8 15:40:46 2015] Info: No '[Sun' processes found.
[Sun Nov  8 15:40:46 2015] Info: No '[Sun' processes found.
[Sun Nov  8 15:40:46 2015] Info: No '[Sun' processes found.
[Sun Nov  8 15:40:46 2015] Info: Initializing monitoring of process 'b.out' (PID 15851).
[Sun Nov  8 15:41:18 2015] Info: Exiting. 0 process(es) killed.

[Sun Nov  8 15:41:37 2015] Info: No 'test' processes found.
[Sun Nov  8 15:41:37 2015] Info: No '[Sun' processes found.
[Sun Nov  8 15:41:37 2015] Info: No '[Sun' processes found.
[Sun Nov  8 15:41:37 2015] Info: No '[Sun' processes found.
[Sun Nov  8 15:41:37 2015] Info: No '[Sun' processes found.
[Sun Nov  8 15:41:37 2015] Info: No '[Sun' processes found.
[Sun Nov  8 15:41:37 2015] Info: No '[Sun' processes found.
[Sun Nov  8 15:41:37 2015] Info: No '[Sun' processes found.
[Sun Nov  8 15:41:37 2015] Info: No '
' processes found.
[Sun Nov  8 15:41:37 2015] Info: No '[Sun' processes found.
[Sun Nov  8 15:41:37 2015] Info: No '[Sun' processes found.
[Sun Nov  8 15:41:37 2015] Info: No '[Sun' processes found.
[Sun Nov  8 15:41:37 2015] Info: No '[Sun' processes found.
[Sun Nov  8 15:41:37 2015] Info: No '[Sun' processes found.
[Sun Nov  8 15:41:37 2015] Info: No '[Sun' processes found.
[Sun Nov  8 15:41:37 2015] Info: No '[Sun' processes found.
[Sun Nov  8 15:41:37 2015] Info: No '[Sun' processes found.
[Sun Nov  8 15:41:37 2015] Info: No '[Sun' processes found.
[Sun Nov  8 15:41:37 2015] Info: No ''' processes found.
[Sun Nov  8 15:41:37 2015] Info: No '[Sun' processes found.
[Sun Nov  8 15:41:37 2015] Info: No '[Sun' processes found.
[Sun Nov  8 15:41:37 2015] Info: No '
' processes found.
[Sun Nov  8 15:41:37 2015] Info: No '[Sun' processes found.
[Sun Nov  8 15:41:37 2015] Info: No '[Sun' processes found.
[Sun Nov  8 15:41:37 2015] Info: No '[Sun' processes found.
[Sun Nov  8 15:41:37 2015] Info: No '[Sun' processes found.
[Sun Nov  8 15:41:37 2015] Info: No '[Sun' processes found.
[Sun Nov  8 15:41:37 2015] Info: No '[Sun' processes found.
[Sun Nov  8 15:41:37 2015] Info: No '[Sun' processes found.
[Sun Nov  8 15:41:37 2015] Info: No '[Sun' processes found.
[Sun Nov  8 15:41:37 2015] Info: No '[Sun' processes found.
[Sun Nov  8 15:41:37 2015] Info: No ''' processes found.
[Sun Nov  8 15:41:37 2015] Info: No '[Sun' processes found.
[Sun Nov  8 15:41:37 2015] Info: No '[Sun' processes found.
[Sun Nov  8 15:41:37 2015] Info: No '[Sun' processes found.
[Sun Nov  8 15:41:37 2015] Info: No '[Sun' processes found.
[Sun Nov  8 15:41:37 2015] Info: No '[Sun' processes found.
[Sun Nov  8 15:41:37 2015] Info: No '[Sun' processes found.
[Sun Nov  8 15:41:37 2015] Info: No '[Sun' processes found.
[Sun Nov  8 15:41:37 2015] Info: No '[Sun' processes found.
[Sun Nov  8 15:41:37 2015] Info: No '[Sun' processes found.
[Sun Nov  8 15:41:37 2015] Info: No '[Sun' processes found.
[Sun Nov  8 15:41:37 2015] Info: No '[Sun' processes found.
[Sun Nov  8 15:41:37 2015] Info: No '[Sun' processes found.
[Sun Nov  8 15:41:37 2015] Info: No '[Sun' processes found.
[Sun Nov  8 15:41:37 2015] Info: No ''' processes found.
[Sun Nov  8 15:41:37 2015] Info: No '[Sun' processes found.
[Sun Nov  8 15:41:37 2015] Info: No '[Sun' processes found.
[Sun Nov  8 15:41:37 2015] Info: No '[Sun' processes found.
[Sun Nov  8 15:41:37 2015] Info: No '[Sun' processes found.
[Sun Nov  8 15:41:37 2015] Info: No '[Sun' processes found.
[Sun Nov  8 15:41:37 2015] Info: No '[Sun' processes found.
[Sun Nov  8 15:41:37 2015] Info: No '[Sun' processes found.
[Sun Nov  8 15:41:37 2015] Info: No '[Sun' processes found.
[Sun Nov  8 15:41:37 2015] Info: No '[Sun' processes found.
[Sun Nov  8 15:41:37 2015] Info: No '[Sun' processes found.
[Sun Nov  8 15:41:37 2015] Info: No ''' processes found.
[Sun Nov  8 15:41:37 2015] Info: No '[Sun' processes found.
[Sun Nov  8 15:41:37 2015] Info: No '[Sun' processes found.
[Sun Nov  8 15:41:37 2015] Info: No '[Sun' processes found.
[Sun Nov  8 15:41:37 2015] Info: No '[Sun' processes found.
[Sun Nov  8 15:41:37 2015] Info: No '[Sun' processes found.
[Sun Nov  8 15:41:37 2015] Info: No '[Sun' processes found.
[Sun Nov  8 15:41:37 2015] Info: No '[Sun' processes found.
[Sun Nov  8 15:41:37 2015] Info: No '[Sun' processes found.
[Sun Nov  8 15:41:37 2015] Info: No '[Sun' processes found.
[Sun Nov  8 15:41:37 2015] Info: No '[Sun' processes found.
[Sun Nov  8 15:41:37 2015] Info: No '[Sun' processes found.
[Sun Nov  8 15:41:37 2015] Info: No '[Sun' processes found.
[Sun Nov  8 15:41:37 2015] Info: No '[Sun' processes found.
[Sun Nov  8 15:41:37 2015] Info: No ''' processes found.
[Sun Nov  8 15:41:37 2015] Info: No '[Sun' processes found.
[Sun Nov  8 15:41:37 2015] Info: No '[Sun' processes found.
[Sun Nov  8 15:41:37 2015] Info: No '[Sun' processes found.
[Sun Nov  8 15:41:37 2015] Info: No '[Sun' processes found.
[Sun Nov  8 15:41:37 2015] Info: No '[Sun' processes found.
[Sun Nov  8 15:41:37 2015] Info: No '[Sun' processes found.
[Sun Nov  8 15:41:37 2015] Info: No '[Sun' processes found.
[Sun Nov  8 15:41:37 2015] Info: No '[Sun' processes found.
[Sun Nov  8 15:41:37 2015] Info: No '[Sun' processes found.
[Sun Nov  8 15:41:37 2015] Info: No '[Sun' processes found.
[Sun Nov  8 15:41:37 2015] Info: No '[Sun' processes found.
[Sun Nov  8 15:41:37 2015] Info: No '[Sun' processes found.
[Sun Nov  8 15:41:37 2015] Info: No '[Sun' processes found.
[Sun Nov  8 15:41:37 2015] Info: No '[Sun' processes found.
[Sun Nov  8 15:41:37 2015] Info: No '[Sun' processes found.
[Sun Nov  8 15:41:37 2015] Info: No '[Sun' processes found.
[Sun Nov  8 15:41:37 2015] Info: No '[Sun' processes found.
[Sun Nov  8 15:41:37 2015] Info: No '[Sun' processes found.
[Sun Nov  8 15:41:37 2015] Info: No '[Sun' processes found.
[Sun Nov  8 15:41:37 2015] Info: No '[Sun' processes found.
[Sun Nov  8 15:41:37 2015] Info: No '[Sun' processes found.
[Sun Nov  8 15:41:37 2015] Info: No '[Sun' processes found.
[Sun Nov  8 15:41:37 2015] Info: No '[Sun' processes found.
[Sun Nov  8 15:41:37 2015] Info: No '[Sun' processes found.
[Sun Nov  8 15:41:37 2015] Info: No '[Sun' processes found.
[Sun Nov  8 15:41:37 2015] Info: No '[Sun' processes found.
[Sun Nov  8 15:41:37 2015] Info: No '[Sun' processes found.
[Sun Nov  8 15:41:37 2015] Info: No '
' processes found.
[Sun Nov  8 15:41:37 2015] Info: No '[Sun' processes found.
[Sun Nov  8 15:41:37 2015] Info: No '[Sun' processes found.
[Sun Nov  8 15:41:37 2015] Info: No '[Sun' processes found.
[Sun Nov  8 15:41:37 2015] Info: No '[Sun' processes found.
[Sun Nov  8 15:41:37 2015] Info: No '[Sun' processes found.
[Sun Nov  8 15:41:37 2015] Info: No '[Sun' processes found.
[Sun Nov  8 15:41:37 2015] Info: No '[Sun' processes found.
[Sun Nov  8 15:41:37 2015] Info: No '[Sun' processes found.
[Sun Nov  8 15:41:37 2015] Info: No '[Sun' processes found.
[Sun Nov  8 15:41:37 2015] Info: No ''' processes found.
[Sun Nov  8 15:41:37 2015] Info: No '[Sun' processes found.
[Sun Nov  8 15:41:37 2015] Info: No '[Sun' processes found.
[Sun Nov  8 15:41:37 2015] Info: No '[Sun' processes found.
[Sun Nov  8 15:41:37 2015] Info: No '[Sun' processes found.
[Sun Nov  8 15:41:37 2015] Info: No '[Sun' processes found.
[Sun Nov  8 15:41:37 2015] Info: No '[Sun' processes found.
[Sun Nov  8 15:41:37 2015] Info: No '[Sun' processes found.
[Sun Nov  8 15:41:37 2015] Info: No '[Sun' processes found.
[Sun Nov  8 15:41:37 2015] Info: No '[Sun' processes found.
[Sun Nov  8 15:41:37 2015] Info: No '[Sun' processes found.
[Sun Nov  8 15:41:37 2015] Info: No '[Sun' processes found.
[Sun Nov  8 15:41:37 2015] Info: No '[Sun' processes found.
[Sun Nov  8 15:41:37 2015] Info: No '[Sun' processes found.
[Sun Nov  8 15:41:37 2015] Info: No ''' processes found.
[Sun Nov  8 15:41:37 2015] Info: No '[Sun' processes found.
[Sun Nov  8 15:41:37 2015] Info: No '[Sun' processes found.
[Sun Nov  8 15:41:37 2015] Info: No '[Sun' processes found.
[Sun Nov  8 15:41:37 2015] Info: No '[Sun' processes found.
[Sun Nov  8 15:41:37 2015] Info: Initializing monitoring of process 'b.out' (PID 15851).
[Sun Nov  8 15:42:50 2015] Info: Exiting. 0 process(es) killed.

[Sun Nov  8 15:42:54 2015] Info: No 'test' processes found.
[Sun Nov  8 15:42:54 2015] Info: No '[Sun' processes found.
[Sun Nov  8 15:42:54 2015] Info: No '[Sun' processes found.
[Sun Nov  8 15:42:54 2015] Info: No '[Sun' processes found.
[Sun Nov  8 15:42:54 2015] Info: No '[Sun' processes found.
[Sun Nov  8 15:42:54 2015] Info: No '[Sun' processes found.
[Sun Nov  8 15:42:54 2015] Info: No '[Sun' processes found.
[Sun Nov  8 15:42:54 2015] Info: No '[Sun' processes found.
[Sun Nov  8 15:42:54 2015] Info: No '
' processes found.
[Sun Nov  8 15:42:54 2015] Info: No '[Sun' processes found.
[Sun Nov  8 15:42:54 2015] Info: No '[Sun' processes found.
[Sun Nov  8 15:42:54 2015] Info: No '[Sun' processes found.
[Sun Nov  8 15:42:54 2015] Info: No '[Sun' processes found.
[Sun Nov  8 15:42:54 2015] Info: No '[Sun' processes found.
[Sun Nov  8 15:42:54 2015] Info: No '[Sun' processes found.
[Sun Nov  8 15:42:54 2015] Info: No '[Sun' processes found.
[Sun Nov  8 15:42:54 2015] Info: No '[Sun' processes found.
[Sun Nov  8 15:42:54 2015] Info: No '[Sun' processes found.
[Sun Nov  8 15:42:54 2015] Info: No ''' processes found.
[Sun Nov  8 15:42:54 2015] Info: No '[Sun' processes found.
[Sun Nov  8 15:42:54 2015] Info: No '[Sun' processes found.
[Sun Nov  8 15:42:54 2015] Info: No '
' processes found.
[Sun Nov  8 15:42:54 2015] Info: No '[Sun' processes found.
[Sun Nov  8 15:42:54 2015] Info: No '[Sun' processes found.
[Sun Nov  8 15:42:54 2015] Info: No '[Sun' processes found.
[Sun Nov  8 15:42:54 2015] Info: No '[Sun' processes found.
[Sun Nov  8 15:42:54 2015] Info: No '[Sun' processes found.
[Sun Nov  8 15:42:54 2015] Info: No '[Sun' processes found.
[Sun Nov  8 15:42:54 2015] Info: No '[Sun' processes found.
[Sun Nov  8 15:42:54 2015] Info: No '[Sun' processes found.
[Sun Nov  8 15:42:54 2015] Info: No '[Sun' processes found.
[Sun Nov  8 15:42:54 2015] Info: No ''' processes found.
[Sun Nov  8 15:42:54 2015] Info: No '[Sun' processes found.
[Sun Nov  8 15:42:54 2015] Info: No '[Sun' processes found.
[Sun Nov  8 15:42:54 2015] Info: No '[Sun' processes found.
[Sun Nov  8 15:42:54 2015] Info: No '[Sun' processes found.
[Sun Nov  8 15:42:54 2015] Info: No '[Sun' processes found.
[Sun Nov  8 15:42:54 2015] Info: No '[Sun' processes found.
[Sun Nov  8 15:42:54 2015] Info: No '[Sun' processes found.
[Sun Nov  8 15:42:54 2015] Info: No '[Sun' processes found.
[Sun Nov  8 15:42:54 2015] Info: No '[Sun' processes found.
[Sun Nov  8 15:42:54 2015] Info: No '[Sun' processes found.
[Sun Nov  8 15:42:54 2015] Info: No '[Sun' processes found.
[Sun Nov  8 15:42:54 2015] Info: No '[Sun' processes found.
[Sun Nov  8 15:42:54 2015] Info: No '[Sun' processes found.
[Sun Nov  8 15:42:54 2015] Info: No ''' processes found.
[Sun Nov  8 15:42:54 2015] Info: No '[Sun' processes found.
[Sun Nov  8 15:42:54 2015] Info: No '[Sun' processes found.
[Sun Nov  8 15:42:54 2015] Info: No '[Sun' processes found.
[Sun Nov  8 15:42:54 2015] Info: No '[Sun' processes found.
[Sun Nov  8 15:42:54 2015] Info: No '[Sun' processes found.
[Sun Nov  8 15:42:54 2015] Info: No '[Sun' processes found.
[Sun Nov  8 15:42:54 2015] Info: No '[Sun' processes found.
[Sun Nov  8 15:42:54 2015] Info: No '[Sun' processes found.
[Sun Nov  8 15:42:54 2015] Info: No '[Sun' processes found.
[Sun Nov  8 15:42:54 2015] Info: No '[Sun' processes found.
[Sun Nov  8 15:42:54 2015] Info: No ''' processes found.
[Sun Nov  8 15:42:54 2015] Info: No '[Sun' processes found.
[Sun Nov  8 15:42:54 2015] Info: No '[Sun' processes found.
[Sun Nov  8 15:42:54 2015] Info: No '[Sun' processes found.
[Sun Nov  8 15:42:54 2015] Info: No '[Sun' processes found.
[Sun Nov  8 15:42:54 2015] Info: No '[Sun' processes found.
[Sun Nov  8 15:42:54 2015] Info: No '[Sun' processes found.
[Sun Nov  8 15:42:54 2015] Info: No '[Sun' processes found.
[Sun Nov  8 15:42:54 2015] Info: No '[Sun' processes found.
[Sun Nov  8 15:42:54 2015] Info: No '[Sun' processes found.
[Sun Nov  8 15:42:54 2015] Info: No '[Sun' processes found.
[Sun Nov  8 15:42:54 2015] Info: No '[Sun' processes found.
[Sun Nov  8 15:42:54 2015] Info: No '[Sun' processes found.
[Sun Nov  8 15:42:54 2015] Info: No '[Sun' processes found.
[Sun Nov  8 15:42:54 2015] Info: No ''' processes found.
[Sun Nov  8 15:42:54 2015] Info: No '[Sun' processes found.
[Sun Nov  8 15:42:54 2015] Info: No '[Sun' processes found.
[Sun Nov  8 15:42:54 2015] Info: No '[Sun' processes found.
[Sun Nov  8 15:42:54 2015] Info: No '[Sun' processes found.
[Sun Nov  8 15:42:54 2015] Info: No '[Sun' processes found.
[Sun Nov  8 15:42:54 2015] Info: No '[Sun' processes found.
[Sun Nov  8 15:42:54 2015] Info: No '[Sun' processes found.
[Sun Nov  8 15:42:54 2015] Info: No '[Sun' processes found.
[Sun Nov  8 15:42:54 2015] Info: No '[Sun' processes found.
[Sun Nov  8 15:42:54 2015] Info: No '[Sun' processes found.
[Sun Nov  8 15:42:54 2015] Info: No '[Sun' processes found.
[Sun Nov  8 15:42:54 2015] Info: No '[Sun' processes found.
[Sun Nov  8 15:42:54 2015] Info: No '[Sun' processes found.
[Sun Nov  8 15:42:54 2015] Info: No '[Sun' processes found.
[Sun Nov  8 15:42:54 2015] Info: No '[Sun' processes found.
[Sun Nov  8 15:42:54 2015] Info: No '[Sun' processes found.
[Sun Nov  8 15:42:54 2015] Info: No '[Sun' processes found.
[Sun Nov  8 15:42:54 2015] Info: No '[Sun' processes found.
[Sun Nov  8 15:42:54 2015] Info: No '[Sun' processes found.
[Sun Nov  8 15:42:54 2015] Info: No '[Sun' processes found.
[Sun Nov  8 15:42:54 2015] Info: No '[Sun' processes found.
[Sun Nov  8 15:42:54 2015] Info: No '[Sun' processes found.
[Sun Nov  8 15:42:54 2015] Info: No '[Sun' processes found.
[Sun Nov  8 15:42:54 2015] Info: No '[Sun' processes found.
[Sun Nov  8 15:42:54 2015] Info: No '[Sun' processes found.
[Sun Nov  8 15:42:54 2015] Info: No '[Sun' processes found.
[Sun Nov  8 15:42:54 2015] Info: No '[Sun' processes found.
[Sun Nov  8 15:42:54 2015] Info: No '
' processes found.
[Sun Nov  8 15:42:54 2015] Info: No '[Sun' processes found.
[Sun Nov  8 15:42:54 2015] Info: No '[Sun' processes found.
[Sun Nov  8 15:42:54 2015] Info: No '[Sun' processes found.
[Sun Nov  8 15:42:54 2015] Info: No '[Sun' processes found.
[Sun Nov  8 15:42:54 2015] Info: No '[Sun' processes found.
[Sun Nov  8 15:42:54 2015] Info: No '[Sun' processes found.
[Sun Nov  8 15:42:54 2015] Info: No '[Sun' processes found.
[Sun Nov  8 15:42:54 2015] Info: No '[Sun' processes found.
[Sun Nov  8 15:42:54 2015] Info: No '[Sun' processes found.
[Sun Nov  8 15:42:54 2015] Info: No ''' processes found.
[Sun Nov  8 15:42:54 2015] Info: No '[Sun' processes found.
[Sun Nov  8 15:42:54 2015] Info: No '[Sun' processes found.
[Sun Nov  8 15:42:54 2015] Info: No '[Sun' processes found.
[Sun Nov  8 15:42:54 2015] Info: No '[Sun' processes found.
[Sun Nov  8 15:42:54 2015] Info: No '[Sun' processes found.
[Sun Nov  8 15:42:54 2015] Info: No '[Sun' processes found.
[Sun Nov  8 15:42:54 2015] Info: No '[Sun' processes found.
[Sun Nov  8 15:42:54 2015] Info: No '[Sun' processes found.
[Sun Nov  8 15:42:54 2015] Info: No '[Sun' processes found.
[Sun Nov  8 15:42:54 2015] Info: No '[Sun' processes found.
[Sun Nov  8 15:42:54 2015] Info: No '[Sun' processes found.
[Sun Nov  8 15:42:54 2015] Info: No '[Sun' processes found.
[Sun Nov  8 15:42:54 2015] Info: No '[Sun' processes found.
[Sun Nov  8 15:42:54 2015] Info: No ''' processes found.
[Sun Nov  8 15:42:54 2015] Info: No '[Sun' processes found.
[Sun Nov  8 15:42:54 2015] Info: No '[Sun' processes found.
[Sun Nov  8 15:42:54 2015] Info: No '[Sun' processes found.
[Sun Nov  8 15:42:54 2015] Info: No '[Sun' processes found.
[Sun Nov  8 15:42:54 2015] Info: Initializing monitoring of process 'b.out' (PID 15851).
[Sun Nov  8 15:43:00 2015] Info: Exiting. 0 process(es) killed.

[Sun Nov  8 15:44:25 2015] Info: No 'test' processes found.
[Sun Nov  8 15:44:25 2015] Info: No '[Sun' processes found.
[Sun Nov  8 15:44:25 2015] Info: No '[Sun' processes found.
[Sun Nov  8 15:44:25 2015] Info: No '[Sun' processes found.
[Sun Nov  8 15:44:25 2015] Info: No '[Sun' processes found.
[Sun Nov  8 15:44:25 2015] Info: No '[Sun' processes found.
[Sun Nov  8 15:44:25 2015] Info: No '[Sun' processes found.
[Sun Nov  8 15:44:25 2015] Info: No '[Sun' processes found.
[Sun Nov  8 15:44:25 2015] Info: No '
' processes found.
[Sun Nov  8 15:44:25 2015] Info: No '[Sun' processes found.
[Sun Nov  8 15:44:25 2015] Info: No '[Sun' processes found.
[Sun Nov  8 15:44:25 2015] Info: No '[Sun' processes found.
[Sun Nov  8 15:44:25 2015] Info: No '[Sun' processes found.
[Sun Nov  8 15:44:25 2015] Info: No '[Sun' processes found.
[Sun Nov  8 15:44:25 2015] Info: No '[Sun' processes found.
[Sun Nov  8 15:44:25 2015] Info: No '[Sun' processes found.
[Sun Nov  8 15:44:25 2015] Info: No '[Sun' processes found.
[Sun Nov  8 15:44:25 2015] Info: No '[Sun' processes found.
[Sun Nov  8 15:44:25 2015] Info: No ''' processes found.
[Sun Nov  8 15:44:25 2015] Info: No '[Sun' processes found.
[Sun Nov  8 15:44:25 2015] Info: No '[Sun' processes found.
[Sun Nov  8 15:44:25 2015] Info: No '
' processes found.
[Sun Nov  8 15:44:25 2015] Info: No '[Sun' processes found.
[Sun Nov  8 15:44:25 2015] Info: No '[Sun' processes found.
[Sun Nov  8 15:44:25 2015] Info: No '[Sun' processes found.
[Sun Nov  8 15:44:25 2015] Info: No '[Sun' processes found.
[Sun Nov  8 15:44:25 2015] Info: No '[Sun' processes found.
[Sun Nov  8 15:44:25 2015] Info: No '[Sun' processes found.
[Sun Nov  8 15:44:25 2015] Info: No '[Sun' processes found.
[Sun Nov  8 15:44:25 2015] Info: No '[Sun' processes found.
[Sun Nov  8 15:44:25 2015] Info: No '[Sun' processes found.
[Sun Nov  8 15:44:25 2015] Info: No ''' processes found.
[Sun Nov  8 15:44:25 2015] Info: No '[Sun' processes found.
[Sun Nov  8 15:44:25 2015] Info: No '[Sun' processes found.
[Sun Nov  8 15:44:25 2015] Info: No '[Sun' processes found.
[Sun Nov  8 15:44:25 2015] Info: No '[Sun' processes found.
[Sun Nov  8 15:44:25 2015] Info: No '[Sun' processes found.
[Sun Nov  8 15:44:25 2015] Info: No '[Sun' processes found.
[Sun Nov  8 15:44:25 2015] Info: No '[Sun' processes found.
[Sun Nov  8 15:44:25 2015] Info: No '[Sun' processes found.
[Sun Nov  8 15:44:25 2015] Info: No '[Sun' processes found.
[Sun Nov  8 15:44:25 2015] Info: No '[Sun' processes found.
[Sun Nov  8 15:44:25 2015] Info: No '[Sun' processes found.
[Sun Nov  8 15:44:25 2015] Info: No '[Sun' processes found.
[Sun Nov  8 15:44:25 2015] Info: No '[Sun' processes found.
[Sun Nov  8 15:44:25 2015] Info: No ''' processes found.
[Sun Nov  8 15:44:25 2015] Info: No '[Sun' processes found.
[Sun Nov  8 15:44:25 2015] Info: No '[Sun' processes found.
[Sun Nov  8 15:44:25 2015] Info: No '[Sun' processes found.
[Sun Nov  8 15:44:25 2015] Info: No '[Sun' processes found.
[Sun Nov  8 15:44:25 2015] Info: No '[Sun' processes found.
[Sun Nov  8 15:44:25 2015] Info: No '[Sun' processes found.
[Sun Nov  8 15:44:25 2015] Info: No '[Sun' processes found.
[Sun Nov  8 15:44:25 2015] Info: No '[Sun' processes found.
[Sun Nov  8 15:44:25 2015] Info: No '[Sun' processes found.
[Sun Nov  8 15:44:25 2015] Info: No '[Sun' processes found.
[Sun Nov  8 15:44:25 2015] Info: No ''' processes found.
[Sun Nov  8 15:44:25 2015] Info: No '[Sun' processes found.
[Sun Nov  8 15:44:25 2015] Info: No '[Sun' processes found.
[Sun Nov  8 15:44:25 2015] Info: No '[Sun' processes found.
[Sun Nov  8 15:44:25 2015] Info: No '[Sun' processes found.
[Sun Nov  8 15:44:25 2015] Info: No '[Sun' processes found.
[Sun Nov  8 15:44:25 2015] Info: No '[Sun' processes found.
[Sun Nov  8 15:44:25 2015] Info: No '[Sun' processes found.
[Sun Nov  8 15:44:25 2015] Info: No '[Sun' processes found.
[Sun Nov  8 15:44:25 2015] Info: No '[Sun' processes found.
[Sun Nov  8 15:44:25 2015] Info: No '[Sun' processes found.
[Sun Nov  8 15:44:25 2015] Info: No '[Sun' processes found.
[Sun Nov  8 15:44:25 2015] Info: No '[Sun' processes found.
[Sun Nov  8 15:44:25 2015] Info: No '[Sun' processes found.
[Sun Nov  8 15:44:25 2015] Info: No ''' processes found.
[Sun Nov  8 15:44:25 2015] Info: No '[Sun' processes found.
[Sun Nov  8 15:44:25 2015] Info: No '[Sun' processes found.
[Sun Nov  8 15:44:25 2015] Info: No '[Sun' processes found.
[Sun Nov  8 15:44:25 2015] Info: No '[Sun' processes found.
[Sun Nov  8 15:44:25 2015] Info: No '[Sun' processes found.
[Sun Nov  8 15:44:25 2015] Info: No '[Sun' processes found.
[Sun Nov  8 15:44:25 2015] Info: No '[Sun' processes found.
[Sun Nov  8 15:44:25 2015] Info: No '[Sun' processes found.
[Sun Nov  8 15:44:25 2015] Info: No '[Sun' processes found.
[Sun Nov  8 15:44:25 2015] Info: No '[Sun' processes found.
[Sun Nov  8 15:44:25 2015] Info: No '[Sun' processes found.
[Sun Nov  8 15:44:25 2015] Info: No '[Sun' processes found.
[Sun Nov  8 15:44:25 2015] Info: No '[Sun' processes found.
[Sun Nov  8 15:44:25 2015] Info: No '[Sun' processes found.
[Sun Nov  8 15:44:25 2015] Info: No '[Sun' processes found.
[Sun Nov  8 15:44:25 2015] Info: No '[Sun' processes found.
[Sun Nov  8 15:44:25 2015] Info: No '[Sun' processes found.
[Sun Nov  8 15:44:25 2015] Info: No '[Sun' processes found.
[Sun Nov  8 15:44:25 2015] Info: No '[Sun' processes found.
[Sun Nov  8 15:44:25 2015] Info: No '[Sun' processes found.
[Sun Nov  8 15:44:25 2015] Info: No '[Sun' processes found.
[Sun Nov  8 15:44:25 2015] Info: No '[Sun' processes found.
[Sun Nov  8 15:44:25 2015] Info: No '[Sun' processes found.
[Sun Nov  8 15:44:25 2015] Info: No '[Sun' processes found.
[Sun Nov  8 15:44:25 2015] Info: No '[Sun' processes found.
[Sun Nov  8 15:44:25 2015] Info: No '[Sun' processes found.
[Sun Nov  8 15:44:25 2015] Info: No '[Sun' processes found.
[Sun Nov  8 15:44:25 2015] Info: No '
' processes found.
[Sun Nov  8 15:44:25 2015] Info: No '[Sun' processes found.
[Sun Nov  8 15:44:25 2015] Info: No '[Sun' processes found.
[Sun Nov  8 15:44:25 2015] Info: No '[Sun' processes found.
[Sun Nov  8 15:44:25 2015] Info: No '[Sun' processes found.
[Sun Nov  8 15:44:25 2015] Info: No '[Sun' processes found.
[Sun Nov  8 15:44:25 2015] Info: No '[Sun' processes found.
[Sun Nov  8 15:44:25 2015] Info: No '[Sun' processes found.
[Sun Nov  8 15:44:25 2015] Info: No '[Sun' processes found.
[Sun Nov  8 15:44:25 2015] Info: No '[Sun' processes found.
[Sun Nov  8 15:44:25 2015] Info: No ''' processes found.
[Sun Nov  8 15:44:25 2015] Info: No '[Sun' processes found.
[Sun Nov  8 15:44:25 2015] Info: No '[Sun' processes found.
[Sun Nov  8 15:44:25 2015] Info: No '[Sun' processes found.
[Sun Nov  8 15:44:25 2015] Info: No '[Sun' processes found.
[Sun Nov  8 15:44:25 2015] Info: No '[Sun' processes found.
[Sun Nov  8 15:44:25 2015] Info: No '[Sun' processes found.
[Sun Nov  8 15:44:25 2015] Info: No '[Sun' processes found.
[Sun Nov  8 15:44:25 2015] Info: No '[Sun' processes found.
[Sun Nov  8 15:44:25 2015] Info: No '[Sun' processes found.
[Sun Nov  8 15:44:25 2015] Info: No '[Sun' processes found.
[Sun Nov  8 15:44:25 2015] Info: No '[Sun' processes found.
[Sun Nov  8 15:44:25 2015] Info: No '[Sun' processes found.
[Sun Nov  8 15:44:25 2015] Info: No '[Sun' processes found.
[Sun Nov  8 15:44:25 2015] Info: No ''' processes found.
[Sun Nov  8 15:44:25 2015] Info: No '[Sun' processes found.
[Sun Nov  8 15:44:25 2015] Info: No '[Sun' processes found.
[Sun Nov  8 15:44:25 2015] Info: No '[Sun' processes found.
[Sun Nov  8 15:44:25 2015] Info: No '[Sun' processes found.
[Sun Nov  8 15:44:55 2015] Info: No 'test' processes found.
[Sun Nov  8 15:44:55 2015] Info: No '[Sun' processes found.
[Sun Nov  8 15:44:55 2015] Info: No '[Sun' processes found.
[Sun Nov  8 15:44:55 2015] Info: No '[Sun' processes found.
[Sun Nov  8 15:44:55 2015] Info: No '[Sun' processes found.
[Sun Nov  8 15:44:55 2015] Info: No '[Sun' processes found.
[Sun Nov  8 15:44:55 2015] Info: No '[Sun' processes found.
[Sun Nov  8 15:44:55 2015] Info: No '[Sun' processes found.
[Sun Nov  8 15:44:55 2015] Info: No '
' processes found.
[Sun Nov  8 15:44:55 2015] Info: No '[Sun' processes found.
[Sun Nov  8 15:44:55 2015] Info: No '[Sun' processes found.
[Sun Nov  8 15:44:55 2015] Info: No '[Sun' processes found.
[Sun Nov  8 15:44:55 2015] Info: No '[Sun' processes found.
[Sun Nov  8 15:44:55 2015] Info: No '[Sun' processes found.
[Sun Nov  8 15:44:55 2015] Info: No '[Sun' processes found.
[Sun Nov  8 15:44:55 2015] Info: No '[Sun' processes found.
[Sun Nov  8 15:44:55 2015] Info: No '[Sun' processes found.
[Sun Nov  8 15:44:55 2015] Info: No '[Sun' processes found.
[Sun Nov  8 15:44:55 2015] Info: No ''' processes found.
[Sun Nov  8 15:44:55 2015] Info: No '[Sun' processes found.
[Sun Nov  8 15:44:55 2015] Info: No '[Sun' processes found.
[Sun Nov  8 15:44:55 2015] Info: No '
' processes found.
[Sun Nov  8 15:44:55 2015] Info: No '[Sun' processes found.
[Sun Nov  8 15:44:55 2015] Info: No '[Sun' processes found.
[Sun Nov  8 15:44:55 2015] Info: No '[Sun' processes found.
[Sun Nov  8 15:44:55 2015] Info: No '[Sun' processes found.
[Sun Nov  8 15:44:55 2015] Info: No '[Sun' processes found.
[Sun Nov  8 15:44:55 2015] Info: No '[Sun' processes found.
[Sun Nov  8 15:44:55 2015] Info: No '[Sun' processes found.
[Sun Nov  8 15:44:55 2015] Info: No '[Sun' processes found.
[Sun Nov  8 15:44:55 2015] Info: No '[Sun' processes found.
[Sun Nov  8 15:44:55 2015] Info: No ''' processes found.
[Sun Nov  8 15:44:55 2015] Info: No '[Sun' processes found.
[Sun Nov  8 15:44:55 2015] Info: No '[Sun' processes found.
[Sun Nov  8 15:44:55 2015] Info: No '[Sun' processes found.
[Sun Nov  8 15:44:55 2015] Info: No '[Sun' processes found.
[Sun Nov  8 15:44:55 2015] Info: No '[Sun' processes found.
[Sun Nov  8 15:44:55 2015] Info: No '[Sun' processes found.
[Sun Nov  8 15:44:55 2015] Info: No '[Sun' processes found.
[Sun Nov  8 15:44:55 2015] Info: No '[Sun' processes found.
[Sun Nov  8 15:44:55 2015] Info: No '[Sun' processes found.
[Sun Nov  8 15:44:55 2015] Info: No '[Sun' processes found.
[Sun Nov  8 15:44:55 2015] Info: No '[Sun' processes found.
[Sun Nov  8 15:44:55 2015] Info: No '[Sun' processes found.
[Sun Nov  8 15:44:55 2015] Info: No '[Sun' processes found.
[Sun Nov  8 15:44:55 2015] Info: No ''' processes found.
[Sun Nov  8 15:44:55 2015] Info: No '[Sun' processes found.
[Sun Nov  8 15:44:55 2015] Info: No '[Sun' processes found.
[Sun Nov  8 15:44:55 2015] Info: No '[Sun' processes found.
[Sun Nov  8 15:44:55 2015] Info: No '[Sun' processes found.
[Sun Nov  8 15:44:55 2015] Info: No '[Sun' processes found.
[Sun Nov  8 15:44:55 2015] Info: No '[Sun' processes found.
[Sun Nov  8 15:44:55 2015] Info: No '[Sun' processes found.
[Sun Nov  8 15:44:55 2015] Info: No '[Sun' processes found.
[Sun Nov  8 15:44:55 2015] Info: No '[Sun' processes found.
[Sun Nov  8 15:44:55 2015] Info: No '[Sun' processes found.
[Sun Nov  8 15:44:55 2015] Info: No ''' processes found.
[Sun Nov  8 15:44:55 2015] Info: No '[Sun' processes found.
[Sun Nov  8 15:44:55 2015] Info: No '[Sun' processes found.
[Sun Nov  8 15:44:55 2015] Info: No '[Sun' processes found.
[Sun Nov  8 15:44:55 2015] Info: No '[Sun' processes found.
[Sun Nov  8 15:44:55 2015] Info: No '[Sun' processes found.
[Sun Nov  8 15:44:55 2015] Info: No '[Sun' processes found.
[Sun Nov  8 15:44:55 2015] Info: No '[Sun' processes found.
[Sun Nov  8 15:44:55 2015] Info: No '[Sun' processes found.
[Sun Nov  8 15:44:55 2015] Info: No '[Sun' processes found.
[Sun Nov  8 15:44:55 2015] Info: No '[Sun' processes found.
[Sun Nov  8 15:44:55 2015] Info: No '[Sun' processes found.
[Sun Nov  8 15:44:55 2015] Info: No '[Sun' processes found.
[Sun Nov  8 15:44:55 2015] Info: No '[Sun' processes found.
[Sun Nov  8 15:44:55 2015] Info: No ''' processes found.
[Sun Nov  8 15:44:55 2015] Info: No '[Sun' processes found.
[Sun Nov  8 15:44:55 2015] Info: No '[Sun' processes found.
[Sun Nov  8 15:44:55 2015] Info: No '[Sun' processes found.
[Sun Nov  8 15:44:55 2015] Info: No '[Sun' processes found.
[Sun Nov  8 15:44:55 2015] Info: No '[Sun' processes found.
[Sun Nov  8 15:44:55 2015] Info: No '[Sun' processes found.
[Sun Nov  8 15:44:55 2015] Info: No '[Sun' processes found.
[Sun Nov  8 15:44:55 2015] Info: No '[Sun' processes found.
[Sun Nov  8 15:44:55 2015] Info: No '[Sun' processes found.
[Sun Nov  8 15:44:55 2015] Info: No '[Sun' processes found.
[Sun Nov  8 15:44:55 2015] Info: No '[Sun' processes found.
[Sun Nov  8 15:44:55 2015] Info: No '[Sun' processes found.
[Sun Nov  8 15:44:55 2015] Info: No '[Sun' processes found.
[Sun Nov  8 15:44:55 2015] Info: No '[Sun' processes found.
[Sun Nov  8 15:44:55 2015] Info: No '[Sun' processes found.
[Sun Nov  8 15:44:55 2015] Info: No '[Sun' processes found.
[Sun Nov  8 15:44:55 2015] Info: No '[Sun' processes found.
[Sun Nov  8 15:44:55 2015] Info: No '[Sun' processes found.
[Sun Nov  8 15:44:55 2015] Info: No '[Sun' processes found.
[Sun Nov  8 15:44:55 2015] Info: No '[Sun' processes found.
[Sun Nov  8 15:44:55 2015] Info: No '[Sun' processes found.
[Sun Nov  8 15:44:55 2015] Info: No '[Sun' processes found.
[Sun Nov  8 15:44:55 2015] Info: No '[Sun' processes found.
[Sun Nov  8 15:44:55 2015] Info: No '[Sun' processes found.
[Sun Nov  8 15:44:55 2015] Info: No '[Sun' processes found.
[Sun Nov  8 15:44:55 2015] Info: No '[Sun' processes found.
[Sun Nov  8 15:44:55 2015] Info: No '[Sun' processes found.
[Sun Nov  8 15:44:55 2015] Info: No '
' processes found.
[Sun Nov  8 15:44:55 2015] Info: No '[Sun' processes found.
[Sun Nov  8 15:44:55 2015] Info: No '[Sun' processes found.
[Sun Nov  8 15:44:55 2015] Info: No '[Sun' processes found.
[Sun Nov  8 15:44:55 2015] Info: No '[Sun' processes found.
[Sun Nov  8 15:44:55 2015] Info: No '[Sun' processes found.
[Sun Nov  8 15:44:55 2015] Info: No '[Sun' processes found.
[Sun Nov  8 15:44:55 2015] Info: No '[Sun' processes found.
[Sun Nov  8 15:44:55 2015] Info: No '[Sun' processes found.
[Sun Nov  8 15:44:55 2015] Info: No '[Sun' processes found.
[Sun Nov  8 15:44:55 2015] Info: No ''' processes found.
[Sun Nov  8 15:44:55 2015] Info: No '[Sun' processes found.
[Sun Nov  8 15:44:55 2015] Info: No '[Sun' processes found.
[Sun Nov  8 15:44:55 2015] Info: No '[Sun' processes found.
[Sun Nov  8 15:44:55 2015] Info: No '[Sun' processes found.
[Sun Nov  8 15:44:55 2015] Info: No '[Sun' processes found.
[Sun Nov  8 15:44:55 2015] Info: No '[Sun' processes found.
[Sun Nov  8 15:44:55 2015] Info: No '[Sun' processes found.
[Sun Nov  8 15:44:55 2015] Info: No '[Sun' processes found.
[Sun Nov  8 15:44:55 2015] Info: No '[Sun' processes found.
[Sun Nov  8 15:44:55 2015] Info: No '[Sun' processes found.
[Sun Nov  8 15:44:55 2015] Info: No '[Sun' processes found.
[Sun Nov  8 15:44:55 2015] Info: No '[Sun' processes found.
[Sun Nov  8 15:44:55 2015] Info: No '[Sun' processes found.
[Sun Nov  8 15:44:55 2015] Info: No ''' processes found.
[Sun Nov  8 15:44:55 2015] Info: No '[Sun' processes found.
[Sun Nov  8 15:44:55 2015] Info: No '[Sun' processes found.
[Sun Nov  8 15:44:55 2015] Info: No '[Sun' processes found.
[Sun Nov  8 15:44:55 2015] Info: No '[Sun' processes found.
[Sun Nov  8 15:45:59 2015] Info: Initializing monitoring of process 'b.out' (PID 15851).
[Sun Nov  8 15:48:56 2015] Info: No 'test' processes found.
[Sun Nov  8 15:48:56 2015] Info: No '[Sun' processes found.
[Sun Nov  8 15:48:56 2015] Info: No '[Sun' processes found.
[Sun Nov  8 15:48:56 2015] Info: No '[Sun' processes found.
[Sun Nov  8 15:48:56 2015] Info: No '[Sun' processes found.
[Sun Nov  8 15:48:56 2015] Info: No '[Sun' processes found.
[Sun Nov  8 15:48:56 2015] Info: No '[Sun' processes found.
[Sun Nov  8 15:48:56 2015] Info: No '[Sun' processes found.
[Sun Nov  8 15:48:56 2015] Info: No '
' processes found.
[Sun Nov  8 15:48:56 2015] Info: No '[Sun' processes found.
[Sun Nov  8 15:48:56 2015] Info: No '[Sun' processes found.
[Sun Nov  8 15:48:56 2015] Info: No '[Sun' processes found.
[Sun Nov  8 15:48:56 2015] Info: No '[Sun' processes found.
[Sun Nov  8 15:48:56 2015] Info: No '[Sun' processes found.
[Sun Nov  8 15:48:56 2015] Info: No '[Sun' processes found.
[Sun Nov  8 15:48:56 2015] Info: No '[Sun' processes found.
[Sun Nov  8 15:48:56 2015] Info: No '[Sun' processes found.
[Sun Nov  8 15:48:56 2015] Info: No '[Sun' processes found.
[Sun Nov  8 15:48:56 2015] Info: No ''' processes found.
[Sun Nov  8 15:48:56 2015] Info: No '[Sun' processes found.
[Sun Nov  8 15:48:56 2015] Info: No '[Sun' processes found.
[Sun Nov  8 15:48:56 2015] Info: No '
' processes found.
[Sun Nov  8 15:48:56 2015] Info: No '[Sun' processes found.
[Sun Nov  8 15:48:56 2015] Info: No '[Sun' processes found.
[Sun Nov  8 15:48:56 2015] Info: No '[Sun' processes found.
[Sun Nov  8 15:48:56 2015] Info: No '[Sun' processes found.
[Sun Nov  8 15:48:56 2015] Info: No '[Sun' processes found.
[Sun Nov  8 15:48:56 2015] Info: No '[Sun' processes found.
[Sun Nov  8 15:48:56 2015] Info: No '[Sun' processes found.
[Sun Nov  8 15:48:56 2015] Info: No '[Sun' processes found.
[Sun Nov  8 15:48:56 2015] Info: No '[Sun' processes found.
[Sun Nov  8 15:48:56 2015] Info: No ''' processes found.
[Sun Nov  8 15:48:56 2015] Info: No '[Sun' processes found.
[Sun Nov  8 15:48:56 2015] Info: No '[Sun' processes found.
[Sun Nov  8 15:48:56 2015] Info: No '[Sun' processes found.
[Sun Nov  8 15:48:56 2015] Info: No '[Sun' processes found.
[Sun Nov  8 15:48:56 2015] Info: No '[Sun' processes found.
[Sun Nov  8 15:48:56 2015] Info: No '[Sun' processes found.
[Sun Nov  8 15:48:56 2015] Info: No '[Sun' processes found.
[Sun Nov  8 15:48:56 2015] Info: No '[Sun' processes found.
[Sun Nov  8 15:48:56 2015] Info: No '[Sun' processes found.
[Sun Nov  8 15:48:56 2015] Info: No '[Sun' processes found.
[Sun Nov  8 15:48:56 2015] Info: No '[Sun' processes found.
[Sun Nov  8 15:48:56 2015] Info: No '[Sun' processes found.
[Sun Nov  8 15:48:56 2015] Info: No '[Sun' processes found.
[Sun Nov  8 15:48:56 2015] Info: No ''' processes found.
[Sun Nov  8 15:48:56 2015] Info: No '[Sun' processes found.
[Sun Nov  8 15:48:56 2015] Info: No '[Sun' processes found.
[Sun Nov  8 15:48:56 2015] Info: No '[Sun' processes found.
[Sun Nov  8 15:48:56 2015] Info: No '[Sun' processes found.
[Sun Nov  8 15:48:56 2015] Info: No '[Sun' processes found.
[Sun Nov  8 15:48:56 2015] Info: No '[Sun' processes found.
[Sun Nov  8 15:48:56 2015] Info: No '[Sun' processes found.
[Sun Nov  8 15:48:56 2015] Info: No '[Sun' processes found.
[Sun Nov  8 15:48:56 2015] Info: No '[Sun' processes found.
[Sun Nov  8 15:48:56 2015] Info: No '[Sun' processes found.
[Sun Nov  8 15:48:56 2015] Info: No ''' processes found.
[Sun Nov  8 15:48:56 2015] Info: No '[Sun' processes found.
[Sun Nov  8 15:48:56 2015] Info: No '[Sun' processes found.
[Sun Nov  8 15:48:56 2015] Info: No '[Sun' processes found.
[Sun Nov  8 15:48:56 2015] Info: No '[Sun' processes found.
[Sun Nov  8 15:48:56 2015] Info: No '[Sun' processes found.
[Sun Nov  8 15:48:56 2015] Info: No '[Sun' processes found.
[Sun Nov  8 15:48:56 2015] Info: No '[Sun' processes found.
[Sun Nov  8 15:48:56 2015] Info: No '[Sun' processes found.
[Sun Nov  8 15:48:56 2015] Info: No '[Sun' processes found.
[Sun Nov  8 15:48:56 2015] Info: No '[Sun' processes found.
[Sun Nov  8 15:48:56 2015] Info: No '[Sun' processes found.
[Sun Nov  8 15:48:56 2015] Info: No '[Sun' processes found.
[Sun Nov  8 15:48:56 2015] Info: No '[Sun' processes found.
[Sun Nov  8 15:48:56 2015] Info: No ''' processes found.
[Sun Nov  8 15:48:56 2015] Info: No '[Sun' processes found.
[Sun Nov  8 15:48:56 2015] Info: No '[Sun' processes found.
[Sun Nov  8 15:48:56 2015] Info: No '[Sun' processes found.
[Sun Nov  8 15:48:56 2015] Info: No '[Sun' processes found.
[Sun Nov  8 15:48:56 2015] Info: No '[Sun' processes found.
[Sun Nov  8 15:48:56 2015] Info: No '[Sun' processes found.
[Sun Nov  8 15:48:56 2015] Info: No '[Sun' processes found.
[Sun Nov  8 15:48:56 2015] Info: No '[Sun' processes found.
[Sun Nov  8 15:48:56 2015] Info: No '[Sun' processes found.
[Sun Nov  8 15:48:56 2015] Info: No '[Sun' processes found.
[Sun Nov  8 15:48:56 2015] Info: No '[Sun' processes found.
[Sun Nov  8 15:48:56 2015] Info: No '[Sun' processes found.
[Sun Nov  8 15:48:56 2015] Info: No '[Sun' processes found.
[Sun Nov  8 15:48:56 2015] Info: No '[Sun' processes found.
[Sun Nov  8 15:48:56 2015] Info: No '[Sun' processes found.
[Sun Nov  8 15:48:56 2015] Info: No '[Sun' processes found.
[Sun Nov  8 15:48:56 2015] Info: No '[Sun' processes found.
[Sun Nov  8 15:48:56 2015] Info: No '[Sun' processes found.
[Sun Nov  8 15:48:56 2015] Info: No '[Sun' processes found.
[Sun Nov  8 15:48:56 2015] Info: No '[Sun' processes found.
[Sun Nov  8 15:48:56 2015] Info: No '[Sun' processes found.
[Sun Nov  8 15:48:56 2015] Info: No '[Sun' processes found.
[Sun Nov  8 15:48:56 2015] Info: No '[Sun' processes found.
[Sun Nov  8 15:48:56 2015] Info: No '[Sun' processes found.
[Sun Nov  8 15:48:56 2015] Info: No '[Sun' processes found.
[Sun Nov  8 15:48:56 2015] Info: No '[Sun' processes found.
[Sun Nov  8 15:48:56 2015] Info: No '[Sun' processes found.
[Sun Nov  8 15:48:56 2015] Info: No '
' processes found.
[Sun Nov  8 15:48:56 2015] Info: No '[Sun' processes found.
[Sun Nov  8 15:48:56 2015] Info: No '[Sun' processes found.
[Sun Nov  8 15:48:56 2015] Info: No '[Sun' processes found.
[Sun Nov  8 15:48:56 2015] Info: No '[Sun' processes found.
[Sun Nov  8 15:48:56 2015] Info: No '[Sun' processes found.
[Sun Nov  8 15:48:56 2015] Info: No '[Sun' processes found.
[Sun Nov  8 15:48:56 2015] Info: No '[Sun' processes found.
[Sun Nov  8 15:48:56 2015] Info: No '[Sun' processes found.
[Sun Nov  8 15:48:56 2015] Info: No '[Sun' processes found.
[Sun Nov  8 15:48:56 2015] Info: No ''' processes found.
[Sun Nov  8 15:48:56 2015] Info: No '[Sun' processes found.
[Sun Nov  8 15:48:56 2015] Info: No '[Sun' processes found.
[Sun Nov  8 15:48:56 2015] Info: No '[Sun' processes found.
[Sun Nov  8 15:48:56 2015] Info: No '[Sun' processes found.
[Sun Nov  8 15:48:56 2015] Info: No '[Sun' processes found.
[Sun Nov  8 15:48:56 2015] Info: No '[Sun' processes found.
[Sun Nov  8 15:48:56 2015] Info: No '[Sun' processes found.
[Sun Nov  8 15:48:56 2015] Info: No '[Sun' processes found.
[Sun Nov  8 15:48:56 2015] Info: No '[Sun' processes found.
[Sun Nov  8 15:48:56 2015] Info: No '[Sun' processes found.
[Sun Nov  8 15:48:56 2015] Info: No '[Sun' processes found.
[Sun Nov  8 15:48:56 2015] Info: No '[Sun' processes found.
[Sun Nov  8 15:48:56 2015] Info: No '[Sun' processes found.
[Sun Nov  8 15:48:56 2015] Info: No ''' processes found.
[Sun Nov  8 15:48:56 2015] Info: No '[Sun' processes found.
[Sun Nov  8 15:48:56 2015] Info: No '[Sun' processes found.
[Sun Nov  8 15:48:56 2015] Info: No '[Sun' processes found.
[Sun Nov  8 15:48:56 2015] Info: No '[Sun' processes found.
[Sun Nov  8 15:49:13 2015] Info: Initializing monitoring of process 'b.out' (PID 15851).
[Sun Nov  8 15:52:24 2015] Info: No 'test' processes found.
[Sun Nov  8 15:52:24 2015] Info: No '[Sun' processes found.
[Sun Nov  8 15:52:24 2015] Info: No '[Sun' processes found.
[Sun Nov  8 15:52:24 2015] Info: No '[Sun' processes found.
[Sun Nov  8 15:52:24 2015] Info: No '[Sun' processes found.
[Sun Nov  8 15:52:24 2015] Info: No '[Sun' processes found.
[Sun Nov  8 15:52:24 2015] Info: No '[Sun' processes found.
[Sun Nov  8 15:52:24 2015] Info: No '[Sun' processes found.
[Sun Nov  8 15:52:24 2015] Info: No '
' processes found.
[Sun Nov  8 15:52:24 2015] Info: No '[Sun' processes found.
[Sun Nov  8 15:52:24 2015] Info: No '[Sun' processes found.
[Sun Nov  8 15:52:24 2015] Info: No '[Sun' processes found.
[Sun Nov  8 15:52:24 2015] Info: No '[Sun' processes found.
[Sun Nov  8 15:52:24 2015] Info: No '[Sun' processes found.
[Sun Nov  8 15:52:24 2015] Info: No '[Sun' processes found.
[Sun Nov  8 15:52:24 2015] Info: No '[Sun' processes found.
[Sun Nov  8 15:52:24 2015] Info: No '[Sun' processes found.
[Sun Nov  8 15:52:24 2015] Info: No '[Sun' processes found.
[Sun Nov  8 15:52:24 2015] Info: No ''' processes found.
[Sun Nov  8 15:52:24 2015] Info: No '[Sun' processes found.
[Sun Nov  8 15:52:24 2015] Info: No '[Sun' processes found.
[Sun Nov  8 15:52:24 2015] Info: No '
' processes found.
[Sun Nov  8 15:52:24 2015] Info: No '[Sun' processes found.
[Sun Nov  8 15:52:24 2015] Info: No '[Sun' processes found.
[Sun Nov  8 15:52:24 2015] Info: No '[Sun' processes found.
[Sun Nov  8 15:52:24 2015] Info: No '[Sun' processes found.
[Sun Nov  8 15:52:24 2015] Info: No '[Sun' processes found.
[Sun Nov  8 15:52:24 2015] Info: No '[Sun' processes found.
[Sun Nov  8 15:52:24 2015] Info: No '[Sun' processes found.
[Sun Nov  8 15:52:24 2015] Info: No '[Sun' processes found.
[Sun Nov  8 15:52:24 2015] Info: No '[Sun' processes found.
[Sun Nov  8 15:52:24 2015] Info: No ''' processes found.
[Sun Nov  8 15:52:24 2015] Info: No '[Sun' processes found.
[Sun Nov  8 15:52:24 2015] Info: No '[Sun' processes found.
[Sun Nov  8 15:52:24 2015] Info: No '[Sun' processes found.
[Sun Nov  8 15:52:24 2015] Info: No '[Sun' processes found.
[Sun Nov  8 15:52:24 2015] Info: No '[Sun' processes found.
[Sun Nov  8 15:52:24 2015] Info: No '[Sun' processes found.
[Sun Nov  8 15:52:24 2015] Info: No '[Sun' processes found.
[Sun Nov  8 15:52:24 2015] Info: No '[Sun' processes found.
[Sun Nov  8 15:52:24 2015] Info: No '[Sun' processes found.
[Sun Nov  8 15:52:24 2015] Info: No '[Sun' processes found.
[Sun Nov  8 15:52:24 2015] Info: No '[Sun' processes found.
[Sun Nov  8 15:52:24 2015] Info: No '[Sun' processes found.
[Sun Nov  8 15:52:24 2015] Info: No '[Sun' processes found.
[Sun Nov  8 15:52:24 2015] Info: No ''' processes found.
[Sun Nov  8 15:52:24 2015] Info: No '[Sun' processes found.
[Sun Nov  8 15:52:24 2015] Info: No '[Sun' processes found.
[Sun Nov  8 15:52:24 2015] Info: No '[Sun' processes found.
[Sun Nov  8 15:52:24 2015] Info: No '[Sun' processes found.
[Sun Nov  8 15:52:24 2015] Info: No '[Sun' processes found.
[Sun Nov  8 15:52:24 2015] Info: No '[Sun' processes found.
[Sun Nov  8 15:52:24 2015] Info: No '[Sun' processes found.
[Sun Nov  8 15:52:24 2015] Info: No '[Sun' processes found.
[Sun Nov  8 15:52:24 2015] Info: No '[Sun' processes found.
[Sun Nov  8 15:52:24 2015] Info: No '[Sun' processes found.
[Sun Nov  8 15:52:24 2015] Info: No ''' processes found.
[Sun Nov  8 15:52:24 2015] Info: No '[Sun' processes found.
[Sun Nov  8 15:52:24 2015] Info: No '[Sun' processes found.
[Sun Nov  8 15:52:24 2015] Info: No '[Sun' processes found.
[Sun Nov  8 15:52:24 2015] Info: No '[Sun' processes found.
[Sun Nov  8 15:52:24 2015] Info: No '[Sun' processes found.
[Sun Nov  8 15:52:24 2015] Info: No '[Sun' processes found.
[Sun Nov  8 15:52:24 2015] Info: No '[Sun' processes found.
[Sun Nov  8 15:52:24 2015] Info: No '[Sun' processes found.
[Sun Nov  8 15:52:24 2015] Info: No '[Sun' processes found.
[Sun Nov  8 15:52:24 2015] Info: No '[Sun' processes found.
[Sun Nov  8 15:52:24 2015] Info: No '[Sun' processes found.
[Sun Nov  8 15:52:24 2015] Info: No '[Sun' processes found.
[Sun Nov  8 15:52:24 2015] Info: No '[Sun' processes found.
[Sun Nov  8 15:52:24 2015] Info: No ''' processes found.
[Sun Nov  8 15:52:24 2015] Info: No '[Sun' processes found.
[Sun Nov  8 15:52:24 2015] Info: No '[Sun' processes found.
[Sun Nov  8 15:52:24 2015] Info: No '[Sun' processes found.
[Sun Nov  8 15:52:24 2015] Info: No '[Sun' processes found.
[Sun Nov  8 15:52:24 2015] Info: No '[Sun' processes found.
[Sun Nov  8 15:52:24 2015] Info: No '[Sun' processes found.
[Sun Nov  8 15:52:24 2015] Info: No '[Sun' processes found.
[Sun Nov  8 15:52:24 2015] Info: No '[Sun' processes found.
[Sun Nov  8 15:52:24 2015] Info: No '[Sun' processes found.
[Sun Nov  8 15:52:24 2015] Info: No '[Sun' processes found.
[Sun Nov  8 15:52:24 2015] Info: No '[Sun' processes found.
[Sun Nov  8 15:52:24 2015] Info: No '[Sun' processes found.
[Sun Nov  8 15:52:24 2015] Info: No '[Sun' processes found.
[Sun Nov  8 15:52:24 2015] Info: No '[Sun' processes found.
[Sun Nov  8 15:52:24 2015] Info: No '[Sun' processes found.
[Sun Nov  8 15:52:24 2015] Info: No '[Sun' processes found.
[Sun Nov  8 15:52:24 2015] Info: No '[Sun' processes found.
[Sun Nov  8 15:52:24 2015] Info: No '[Sun' processes found.
[Sun Nov  8 15:52:24 2015] Info: No '[Sun' processes found.
[Sun Nov  8 15:52:24 2015] Info: No '[Sun' processes found.
[Sun Nov  8 15:52:24 2015] Info: No '[Sun' processes found.
[Sun Nov  8 15:52:24 2015] Info: No '[Sun' processes found.
[Sun Nov  8 15:52:24 2015] Info: No '[Sun' processes found.
[Sun Nov  8 15:52:24 2015] Info: No '[Sun' processes found.
[Sun Nov  8 15:52:24 2015] Info: No '[Sun' processes found.
[Sun Nov  8 15:52:24 2015] Info: No '[Sun' processes found.
[Sun Nov  8 15:52:24 2015] Info: No '[Sun' processes found.
[Sun Nov  8 15:52:24 2015] Info: No '
' processes found.
[Sun Nov  8 15:52:24 2015] Info: No '[Sun' processes found.
[Sun Nov  8 15:52:24 2015] Info: No '[Sun' processes found.
[Sun Nov  8 15:52:24 2015] Info: No '[Sun' processes found.
[Sun Nov  8 15:52:24 2015] Info: No '[Sun' processes found.
[Sun Nov  8 15:52:24 2015] Info: No '[Sun' processes found.
[Sun Nov  8 15:52:24 2015] Info: No '[Sun' processes found.
[Sun Nov  8 15:52:24 2015] Info: No '[Sun' processes found.
[Sun Nov  8 15:52:24 2015] Info: No '[Sun' processes found.
[Sun Nov  8 15:52:24 2015] Info: No '[Sun' processes found.
[Sun Nov  8 15:52:24 2015] Info: No ''' processes found.
[Sun Nov  8 15:52:24 2015] Info: No '[Sun' processes found.
[Sun Nov  8 15:52:24 2015] Info: No '[Sun' processes found.
[Sun Nov  8 15:52:24 2015] Info: No '[Sun' processes found.
[Sun Nov  8 15:52:24 2015] Info: No '[Sun' processes found.
[Sun Nov  8 15:52:24 2015] Info: No '[Sun' processes found.
[Sun Nov  8 15:52:24 2015] Info: No '[Sun' processes found.
[Sun Nov  8 15:52:24 2015] Info: No '[Sun' processes found.
[Sun Nov  8 15:52:24 2015] Info: No '[Sun' processes found.
[Sun Nov  8 15:52:24 2015] Info: No '[Sun' processes found.
[Sun Nov  8 15:52:24 2015] Info: No '[Sun' processes found.
[Sun Nov  8 15:52:24 2015] Info: No '[Sun' processes found.
[Sun Nov  8 15:52:24 2015] Info: No '[Sun' processes found.
[Sun Nov  8 15:52:24 2015] Info: No '[Sun' processes found.
[Sun Nov  8 15:52:24 2015] Info: No ''' processes found.
[Sun Nov  8 15:52:24 2015] Info: No '[Sun' processes found.
[Sun Nov  8 15:52:24 2015] Info: No '[Sun' processes found.
[Sun Nov  8 15:52:24 2015] Info: No '[Sun' processes found.
[Sun Nov  8 15:52:24 2015] Info: No '[Sun' processes found.
[Sun Nov  8 15:52:42 2015] Info: Initializing monitoring of process 'b.out' (PID 15851).
[Sun Nov  8 15:57:44 2015] Info: No 'test' processes found.
[Sun Nov  8 15:57:44 2015] Info: No '[Sun' processes found.
[Sun Nov  8 15:57:44 2015] Info: No '[Sun' processes found.
[Sun Nov  8 15:57:44 2015] Info: No '[Sun' processes found.
[Sun Nov  8 15:57:44 2015] Info: No '[Sun' processes found.
[Sun Nov  8 15:57:44 2015] Info: No '[Sun' processes found.
[Sun Nov  8 15:57:44 2015] Info: No '[Sun' processes found.
[Sun Nov  8 15:57:44 2015] Info: No '[Sun' processes found.
[Sun Nov  8 15:57:44 2015] Info: No '
' processes found.
[Sun Nov  8 15:57:44 2015] Info: No '[Sun' processes found.
[Sun Nov  8 15:57:44 2015] Info: No '[Sun' processes found.
[Sun Nov  8 15:57:44 2015] Info: No '[Sun' processes found.
[Sun Nov  8 15:57:44 2015] Info: No '[Sun' processes found.
[Sun Nov  8 15:57:44 2015] Info: No '[Sun' processes found.
[Sun Nov  8 15:57:44 2015] Info: No '[Sun' processes found.
[Sun Nov  8 15:57:44 2015] Info: No '[Sun' processes found.
[Sun Nov  8 15:57:44 2015] Info: No '[Sun' processes found.
[Sun Nov  8 15:57:44 2015] Info: No '[Sun' processes found.
[Sun Nov  8 15:57:44 2015] Info: No ''' processes found.
[Sun Nov  8 15:57:44 2015] Info: No '[Sun' processes found.
[Sun Nov  8 15:57:44 2015] Info: No '[Sun' processes found.
[Sun Nov  8 15:57:44 2015] Info: No '
' processes found.
[Sun Nov  8 15:57:44 2015] Info: No '[Sun' processes found.
[Sun Nov  8 15:57:44 2015] Info: No '[Sun' processes found.
[Sun Nov  8 15:57:44 2015] Info: No '[Sun' processes found.
[Sun Nov  8 15:57:44 2015] Info: No '[Sun' processes found.
[Sun Nov  8 15:57:44 2015] Info: No '[Sun' processes found.
[Sun Nov  8 15:57:44 2015] Info: No '[Sun' processes found.
[Sun Nov  8 15:57:44 2015] Info: No '[Sun' processes found.
[Sun Nov  8 15:57:44 2015] Info: No '[Sun' processes found.
[Sun Nov  8 15:57:44 2015] Info: No '[Sun' processes found.
[Sun Nov  8 15:57:44 2015] Info: No ''' processes found.
[Sun Nov  8 15:57:44 2015] Info: No '[Sun' processes found.
[Sun Nov  8 15:57:44 2015] Info: No '[Sun' processes found.
[Sun Nov  8 15:57:44 2015] Info: No '[Sun' processes found.
[Sun Nov  8 15:57:44 2015] Info: No '[Sun' processes found.
[Sun Nov  8 15:57:44 2015] Info: No '[Sun' processes found.
[Sun Nov  8 15:57:44 2015] Info: No '[Sun' processes found.
[Sun Nov  8 15:57:44 2015] Info: No '[Sun' processes found.
[Sun Nov  8 15:57:44 2015] Info: No '[Sun' processes found.
[Sun Nov  8 15:57:44 2015] Info: No '[Sun' processes found.
[Sun Nov  8 15:57:44 2015] Info: No '[Sun' processes found.
[Sun Nov  8 15:57:44 2015] Info: No '[Sun' processes found.
[Sun Nov  8 15:57:44 2015] Info: No '[Sun' processes found.
[Sun Nov  8 15:57:44 2015] Info: No '[Sun' processes found.
[Sun Nov  8 15:57:44 2015] Info: No ''' processes found.
[Sun Nov  8 15:57:44 2015] Info: No '[Sun' processes found.
[Sun Nov  8 15:57:44 2015] Info: No '[Sun' processes found.
[Sun Nov  8 15:57:44 2015] Info: No '[Sun' processes found.
[Sun Nov  8 15:57:44 2015] Info: No '[Sun' processes found.
[Sun Nov  8 15:57:44 2015] Info: No '[Sun' processes found.
[Sun Nov  8 15:57:44 2015] Info: No '[Sun' processes found.
[Sun Nov  8 15:57:44 2015] Info: No '[Sun' processes found.
[Sun Nov  8 15:57:44 2015] Info: No '[Sun' processes found.
[Sun Nov  8 15:57:44 2015] Info: No '[Sun' processes found.
[Sun Nov  8 15:57:44 2015] Info: No '[Sun' processes found.
[Sun Nov  8 15:57:44 2015] Info: No ''' processes found.
[Sun Nov  8 15:57:44 2015] Info: No '[Sun' processes found.
[Sun Nov  8 15:57:44 2015] Info: No '[Sun' processes found.
[Sun Nov  8 15:57:44 2015] Info: No '[Sun' processes found.
[Sun Nov  8 15:57:44 2015] Info: No '[Sun' processes found.
[Sun Nov  8 15:57:44 2015] Info: No '[Sun' processes found.
[Sun Nov  8 15:57:44 2015] Info: No '[Sun' processes found.
[Sun Nov  8 15:57:44 2015] Info: No '[Sun' processes found.
[Sun Nov  8 15:57:44 2015] Info: No '[Sun' processes found.
[Sun Nov  8 15:57:44 2015] Info: No '[Sun' processes found.
[Sun Nov  8 15:57:44 2015] Info: No '[Sun' processes found.
[Sun Nov  8 15:57:44 2015] Info: No '[Sun' processes found.
[Sun Nov  8 15:57:44 2015] Info: No '[Sun' processes found.
[Sun Nov  8 15:57:44 2015] Info: No '[Sun' processes found.
[Sun Nov  8 15:57:44 2015] Info: No ''' processes found.
[Sun Nov  8 15:57:44 2015] Info: No '[Sun' processes found.
[Sun Nov  8 15:57:44 2015] Info: No '[Sun' processes found.
[Sun Nov  8 15:57:44 2015] Info: No '[Sun' processes found.
[Sun Nov  8 15:57:44 2015] Info: No '[Sun' processes found.
[Sun Nov  8 15:57:44 2015] Info: No '[Sun' processes found.
[Sun Nov  8 15:57:44 2015] Info: No '[Sun' processes found.
[Sun Nov  8 15:57:44 2015] Info: No '[Sun' processes found.
[Sun Nov  8 15:57:44 2015] Info: No '[Sun' processes found.
[Sun Nov  8 15:57:44 2015] Info: No '[Sun' processes found.
[Sun Nov  8 15:57:44 2015] Info: No '[Sun' processes found.
[Sun Nov  8 15:57:44 2015] Info: No '[Sun' processes found.
[Sun Nov  8 15:57:44 2015] Info: No '[Sun' processes found.
[Sun Nov  8 15:57:44 2015] Info: No '[Sun' processes found.
[Sun Nov  8 15:57:44 2015] Info: No '[Sun' processes found.
[Sun Nov  8 15:57:44 2015] Info: No '[Sun' processes found.
[Sun Nov  8 15:57:44 2015] Info: No '[Sun' processes found.
[Sun Nov  8 15:57:44 2015] Info: No '[Sun' processes found.
[Sun Nov  8 15:57:44 2015] Info: No '[Sun' processes found.
[Sun Nov  8 15:57:44 2015] Info: No '[Sun' processes found.
[Sun Nov  8 15:57:44 2015] Info: No '[Sun' processes found.
[Sun Nov  8 15:57:44 2015] Info: No '[Sun' processes found.
[Sun Nov  8 15:57:44 2015] Info: No '[Sun' processes found.
[Sun Nov  8 15:57:44 2015] Info: No '[Sun' processes found.
[Sun Nov  8 15:57:44 2015] Info: No '[Sun' processes found.
[Sun Nov  8 15:57:44 2015] Info: No '[Sun' processes found.
[Sun Nov  8 15:57:44 2015] Info: No '[Sun' processes found.
[Sun Nov  8 15:57:44 2015] Info: No '[Sun' processes found.
[Sun Nov  8 15:57:44 2015] Info: No '
' processes found.
[Sun Nov  8 15:57:44 2015] Info: No '[Sun' processes found.
[Sun Nov  8 15:57:44 2015] Info: No '[Sun' processes found.
[Sun Nov  8 15:57:44 2015] Info: No '[Sun' processes found.
[Sun Nov  8 15:57:44 2015] Info: No '[Sun' processes found.
[Sun Nov  8 15:57:44 2015] Info: No '[Sun' processes found.
[Sun Nov  8 15:57:44 2015] Info: No '[Sun' processes found.
[Sun Nov  8 15:57:44 2015] Info: No '[Sun' processes found.
[Sun Nov  8 15:57:44 2015] Info: No '[Sun' processes found.
[Sun Nov  8 15:57:44 2015] Info: No '[Sun' processes found.
[Sun Nov  8 15:57:44 2015] Info: No ''' processes found.
[Sun Nov  8 15:57:44 2015] Info: No '[Sun' processes found.
[Sun Nov  8 15:57:44 2015] Info: No '[Sun' processes found.
[Sun Nov  8 15:57:44 2015] Info: No '[Sun' processes found.
[Sun Nov  8 15:57:44 2015] Info: No '[Sun' processes found.
[Sun Nov  8 15:57:44 2015] Info: No '[Sun' processes found.
[Sun Nov  8 15:57:44 2015] Info: No '[Sun' processes found.
[Sun Nov  8 15:57:44 2015] Info: No '[Sun' processes found.
[Sun Nov  8 15:57:44 2015] Info: No '[Sun' processes found.
[Sun Nov  8 15:57:44 2015] Info: No '[Sun' processes found.
[Sun Nov  8 15:57:44 2015] Info: No '[Sun' processes found.
[Sun Nov  8 15:57:44 2015] Info: No '[Sun' processes found.
[Sun Nov  8 15:57:44 2015] Info: No '[Sun' processes found.
[Sun Nov  8 15:57:44 2015] Info: No '[Sun' processes found.
[Sun Nov  8 15:57:44 2015] Info: No ''' processes found.
[Sun Nov  8 15:57:44 2015] Info: No '[Sun' processes found.
[Sun Nov  8 15:57:44 2015] Info: No '[Sun' processes found.
[Sun Nov  8 15:57:44 2015] Info: No '[Sun' processes found.
[Sun Nov  8 15:57:44 2015] Info: No '[Sun' processes found.
[Sun Nov  8 15:57:53 2015] Info: Initializing monitoring of process 'b.out' (PID 15851).
[Sun Nov  8 15:59:04 2015] Info: No 'test' processes found.
[Sun Nov  8 15:59:04 2015] Info: No '[Sun' processes found.
[Sun Nov  8 15:59:04 2015] Info: No '[Sun' processes found.
[Sun Nov  8 15:59:04 2015] Info: No '[Sun' processes found.
[Sun Nov  8 15:59:04 2015] Info: No '[Sun' processes found.
[Sun Nov  8 15:59:04 2015] Info: No '[Sun' processes found.
[Sun Nov  8 15:59:04 2015] Info: No '[Sun' processes found.
[Sun Nov  8 15:59:04 2015] Info: No '[Sun' processes found.
[Sun Nov  8 15:59:04 2015] Info: No '
' processes found.
[Sun Nov  8 15:59:04 2015] Info: No '[Sun' processes found.
[Sun Nov  8 15:59:04 2015] Info: No '[Sun' processes found.
[Sun Nov  8 15:59:04 2015] Info: No '[Sun' processes found.
[Sun Nov  8 15:59:04 2015] Info: No '[Sun' processes found.
[Sun Nov  8 15:59:04 2015] Info: No '[Sun' processes found.
[Sun Nov  8 15:59:04 2015] Info: No '[Sun' processes found.
[Sun Nov  8 15:59:04 2015] Info: No '[Sun' processes found.
[Sun Nov  8 15:59:04 2015] Info: No '[Sun' processes found.
[Sun Nov  8 15:59:04 2015] Info: No '[Sun' processes found.
[Sun Nov  8 15:59:04 2015] Info: No ''' processes found.
[Sun Nov  8 15:59:04 2015] Info: No '[Sun' processes found.
[Sun Nov  8 15:59:04 2015] Info: No '[Sun' processes found.
[Sun Nov  8 15:59:04 2015] Info: No '
' processes found.
[Sun Nov  8 15:59:04 2015] Info: No '[Sun' processes found.
[Sun Nov  8 15:59:04 2015] Info: No '[Sun' processes found.
[Sun Nov  8 15:59:04 2015] Info: No '[Sun' processes found.
[Sun Nov  8 15:59:04 2015] Info: No '[Sun' processes found.
[Sun Nov  8 15:59:04 2015] Info: No '[Sun' processes found.
[Sun Nov  8 15:59:04 2015] Info: No '[Sun' processes found.
[Sun Nov  8 15:59:04 2015] Info: No '[Sun' processes found.
[Sun Nov  8 15:59:04 2015] Info: No '[Sun' processes found.
[Sun Nov  8 15:59:04 2015] Info: No '[Sun' processes found.
[Sun Nov  8 15:59:04 2015] Info: No ''' processes found.
[Sun Nov  8 15:59:04 2015] Info: No '[Sun' processes found.
[Sun Nov  8 15:59:04 2015] Info: No '[Sun' processes found.
[Sun Nov  8 15:59:04 2015] Info: No '[Sun' processes found.
[Sun Nov  8 15:59:04 2015] Info: No '[Sun' processes found.
[Sun Nov  8 15:59:04 2015] Info: No '[Sun' processes found.
[Sun Nov  8 15:59:04 2015] Info: No '[Sun' processes found.
[Sun Nov  8 15:59:04 2015] Info: No '[Sun' processes found.
[Sun Nov  8 15:59:04 2015] Info: No '[Sun' processes found.
[Sun Nov  8 15:59:04 2015] Info: No '[Sun' processes found.
[Sun Nov  8 15:59:04 2015] Info: No '[Sun' processes found.
[Sun Nov  8 15:59:04 2015] Info: No '[Sun' processes found.
[Sun Nov  8 15:59:04 2015] Info: No '[Sun' processes found.
[Sun Nov  8 15:59:04 2015] Info: No '[Sun' processes found.
[Sun Nov  8 15:59:04 2015] Info: No ''' processes found.
[Sun Nov  8 15:59:04 2015] Info: No '[Sun' processes found.
[Sun Nov  8 15:59:04 2015] Info: No '[Sun' processes found.
[Sun Nov  8 15:59:04 2015] Info: No '[Sun' processes found.
[Sun Nov  8 15:59:04 2015] Info: No '[Sun' processes found.
[Sun Nov  8 15:59:04 2015] Info: No '[Sun' processes found.
[Sun Nov  8 15:59:04 2015] Info: No '[Sun' processes found.
[Sun Nov  8 15:59:04 2015] Info: No '[Sun' processes found.
[Sun Nov  8 15:59:04 2015] Info: No '[Sun' processes found.
[Sun Nov  8 15:59:04 2015] Info: No '[Sun' processes found.
[Sun Nov  8 15:59:04 2015] Info: No '[Sun' processes found.
[Sun Nov  8 15:59:04 2015] Info: No ''' processes found.
[Sun Nov  8 15:59:04 2015] Info: No '[Sun' processes found.
[Sun Nov  8 15:59:04 2015] Info: No '[Sun' processes found.
[Sun Nov  8 15:59:04 2015] Info: No '[Sun' processes found.
[Sun Nov  8 15:59:04 2015] Info: No '[Sun' processes found.
[Sun Nov  8 15:59:04 2015] Info: No '[Sun' processes found.
[Sun Nov  8 15:59:04 2015] Info: No '[Sun' processes found.
[Sun Nov  8 15:59:04 2015] Info: No '[Sun' processes found.
[Sun Nov  8 15:59:04 2015] Info: No '[Sun' processes found.
[Sun Nov  8 15:59:04 2015] Info: No '[Sun' processes found.
[Sun Nov  8 15:59:04 2015] Info: No '[Sun' processes found.
[Sun Nov  8 15:59:04 2015] Info: No '[Sun' processes found.
[Sun Nov  8 15:59:04 2015] Info: No '[Sun' processes found.
[Sun Nov  8 15:59:04 2015] Info: No '[Sun' processes found.
[Sun Nov  8 15:59:04 2015] Info: No ''' processes found.
[Sun Nov  8 15:59:04 2015] Info: No '[Sun' processes found.
[Sun Nov  8 15:59:04 2015] Info: No '[Sun' processes found.
[Sun Nov  8 15:59:04 2015] Info: No '[Sun' processes found.
[Sun Nov  8 15:59:04 2015] Info: No '[Sun' processes found.
[Sun Nov  8 15:59:04 2015] Info: No '[Sun' processes found.
[Sun Nov  8 15:59:04 2015] Info: No '[Sun' processes found.
[Sun Nov  8 15:59:04 2015] Info: No '[Sun' processes found.
[Sun Nov  8 15:59:04 2015] Info: No '[Sun' processes found.
[Sun Nov  8 15:59:04 2015] Info: No '[Sun' processes found.
[Sun Nov  8 15:59:04 2015] Info: No '[Sun' processes found.
[Sun Nov  8 15:59:04 2015] Info: No '[Sun' processes found.
[Sun Nov  8 15:59:04 2015] Info: No '[Sun' processes found.
[Sun Nov  8 15:59:04 2015] Info: No '[Sun' processes found.
[Sun Nov  8 15:59:04 2015] Info: No '[Sun' processes found.
[Sun Nov  8 15:59:04 2015] Info: No '[Sun' processes found.
[Sun Nov  8 15:59:04 2015] Info: No '[Sun' processes found.
[Sun Nov  8 15:59:04 2015] Info: No '[Sun' processes found.
[Sun Nov  8 15:59:04 2015] Info: No '[Sun' processes found.
[Sun Nov  8 15:59:04 2015] Info: No '[Sun' processes found.
[Sun Nov  8 15:59:04 2015] Info: No '[Sun' processes found.
[Sun Nov  8 15:59:04 2015] Info: No '[Sun' processes found.
[Sun Nov  8 15:59:04 2015] Info: No '[Sun' processes found.
[Sun Nov  8 15:59:04 2015] Info: No '[Sun' processes found.
[Sun Nov  8 15:59:04 2015] Info: No '[Sun' processes found.
[Sun Nov  8 15:59:04 2015] Info: No '[Sun' processes found.
[Sun Nov  8 15:59:04 2015] Info: No '[Sun' processes found.
[Sun Nov  8 15:59:04 2015] Info: No '[Sun' processes found.
[Sun Nov  8 15:59:04 2015] Info: No '
' processes found.
[Sun Nov  8 15:59:04 2015] Info: No '[Sun' processes found.
[Sun Nov  8 15:59:04 2015] Info: No '[Sun' processes found.
[Sun Nov  8 15:59:04 2015] Info: No '[Sun' processes found.
[Sun Nov  8 15:59:04 2015] Info: No '[Sun' processes found.
[Sun Nov  8 15:59:04 2015] Info: No '[Sun' processes found.
[Sun Nov  8 15:59:04 2015] Info: No '[Sun' processes found.
[Sun Nov  8 15:59:04 2015] Info: No '[Sun' processes found.
[Sun Nov  8 15:59:04 2015] Info: No '[Sun' processes found.
[Sun Nov  8 15:59:04 2015] Info: No '[Sun' processes found.
[Sun Nov  8 15:59:04 2015] Info: No ''' processes found.
[Sun Nov  8 15:59:04 2015] Info: No '[Sun' processes found.
[Sun Nov  8 15:59:04 2015] Info: No '[Sun' processes found.
[Sun Nov  8 15:59:04 2015] Info: No '[Sun' processes found.
[Sun Nov  8 15:59:04 2015] Info: No '[Sun' processes found.
[Sun Nov  8 15:59:04 2015] Info: No '[Sun' processes found.
[Sun Nov  8 15:59:04 2015] Info: No '[Sun' processes found.
[Sun Nov  8 15:59:04 2015] Info: No '[Sun' processes found.
[Sun Nov  8 15:59:04 2015] Info: No '[Sun' processes found.
[Sun Nov  8 15:59:04 2015] Info: No '[Sun' processes found.
[Sun Nov  8 15:59:04 2015] Info: No '[Sun' processes found.
[Sun Nov  8 15:59:04 2015] Info: No '[Sun' processes found.
[Sun Nov  8 15:59:04 2015] Info: No '[Sun' processes found.
[Sun Nov  8 15:59:04 2015] Info: No '[Sun' processes found.
[Sun Nov  8 15:59:04 2015] Info: No ''' processes found.
[Sun Nov  8 15:59:04 2015] Info: No '[Sun' processes found.
[Sun Nov  8 15:59:04 2015] Info: No '[Sun' processes found.
[Sun Nov  8 15:59:04 2015] Info: No '[Sun' processes found.
[Sun Nov  8 15:59:04 2015] Info: No '[Sun' processes found.
[Sun Nov  8 15:59:16 2015] Info: Initializing monitoring of process 'b.out' (PID 15851).
[Sun Nov  8 16:00:12 2015] Info: No 'test' processes found.
[Sun Nov  8 16:00:12 2015] Info: No '[Sun' processes found.
[Sun Nov  8 16:00:12 2015] Info: No '[Sun' processes found.
[Sun Nov  8 16:00:12 2015] Info: No '[Sun' processes found.
[Sun Nov  8 16:00:12 2015] Info: No '[Sun' processes found.
[Sun Nov  8 16:00:12 2015] Info: No '[Sun' processes found.
[Sun Nov  8 16:00:12 2015] Info: No '[Sun' processes found.
[Sun Nov  8 16:00:12 2015] Info: No '[Sun' processes found.
[Sun Nov  8 16:00:12 2015] Info: No '
' processes found.
[Sun Nov  8 16:00:12 2015] Info: No '[Sun' processes found.
[Sun Nov  8 16:00:12 2015] Info: No '[Sun' processes found.
[Sun Nov  8 16:00:12 2015] Info: No '[Sun' processes found.
[Sun Nov  8 16:00:12 2015] Info: No '[Sun' processes found.
[Sun Nov  8 16:00:12 2015] Info: No '[Sun' processes found.
[Sun Nov  8 16:00:12 2015] Info: No '[Sun' processes found.
[Sun Nov  8 16:00:12 2015] Info: No '[Sun' processes found.
[Sun Nov  8 16:00:12 2015] Info: No '[Sun' processes found.
[Sun Nov  8 16:00:12 2015] Info: No '[Sun' processes found.
[Sun Nov  8 16:00:12 2015] Info: No ''' processes found.
[Sun Nov  8 16:00:12 2015] Info: No '[Sun' processes found.
[Sun Nov  8 16:00:12 2015] Info: No '[Sun' processes found.
[Sun Nov  8 16:00:12 2015] Info: No '
' processes found.
[Sun Nov  8 16:00:12 2015] Info: No '[Sun' processes found.
[Sun Nov  8 16:00:12 2015] Info: No '[Sun' processes found.
[Sun Nov  8 16:00:12 2015] Info: No '[Sun' processes found.
[Sun Nov  8 16:00:12 2015] Info: No '[Sun' processes found.
[Sun Nov  8 16:00:12 2015] Info: No '[Sun' processes found.
[Sun Nov  8 16:00:12 2015] Info: No '[Sun' processes found.
[Sun Nov  8 16:00:12 2015] Info: No '[Sun' processes found.
[Sun Nov  8 16:00:12 2015] Info: No '[Sun' processes found.
[Sun Nov  8 16:00:12 2015] Info: No '[Sun' processes found.
[Sun Nov  8 16:00:12 2015] Info: No ''' processes found.
[Sun Nov  8 16:00:12 2015] Info: No '[Sun' processes found.
[Sun Nov  8 16:00:12 2015] Info: No '[Sun' processes found.
[Sun Nov  8 16:00:12 2015] Info: No '[Sun' processes found.
[Sun Nov  8 16:00:12 2015] Info: No '[Sun' processes found.
[Sun Nov  8 16:00:12 2015] Info: No '[Sun' processes found.
[Sun Nov  8 16:00:12 2015] Info: No '[Sun' processes found.
[Sun Nov  8 16:00:12 2015] Info: No '[Sun' processes found.
[Sun Nov  8 16:00:12 2015] Info: No '[Sun' processes found.
[Sun Nov  8 16:00:12 2015] Info: No '[Sun' processes found.
[Sun Nov  8 16:00:12 2015] Info: No '[Sun' processes found.
[Sun Nov  8 16:00:12 2015] Info: No '[Sun' processes found.
[Sun Nov  8 16:00:12 2015] Info: No '[Sun' processes found.
[Sun Nov  8 16:00:12 2015] Info: No '[Sun' processes found.
[Sun Nov  8 16:00:12 2015] Info: No ''' processes found.
[Sun Nov  8 16:00:12 2015] Info: No '[Sun' processes found.
[Sun Nov  8 16:00:12 2015] Info: No '[Sun' processes found.
[Sun Nov  8 16:00:12 2015] Info: No '[Sun' processes found.
[Sun Nov  8 16:00:12 2015] Info: No '[Sun' processes found.
[Sun Nov  8 16:00:12 2015] Info: No '[Sun' processes found.
[Sun Nov  8 16:00:12 2015] Info: No '[Sun' processes found.
[Sun Nov  8 16:00:12 2015] Info: No '[Sun' processes found.
[Sun Nov  8 16:00:12 2015] Info: No '[Sun' processes found.
[Sun Nov  8 16:00:12 2015] Info: No '[Sun' processes found.
[Sun Nov  8 16:00:12 2015] Info: No '[Sun' processes found.
[Sun Nov  8 16:00:12 2015] Info: No ''' processes found.
[Sun Nov  8 16:00:12 2015] Info: No '[Sun' processes found.
[Sun Nov  8 16:00:12 2015] Info: No '[Sun' processes found.
[Sun Nov  8 16:00:12 2015] Info: No '[Sun' processes found.
[Sun Nov  8 16:00:12 2015] Info: No '[Sun' processes found.
[Sun Nov  8 16:00:12 2015] Info: No '[Sun' processes found.
[Sun Nov  8 16:00:12 2015] Info: No '[Sun' processes found.
[Sun Nov  8 16:00:12 2015] Info: No '[Sun' processes found.
[Sun Nov  8 16:00:12 2015] Info: No '[Sun' processes found.
[Sun Nov  8 16:00:12 2015] Info: No '[Sun' processes found.
[Sun Nov  8 16:00:12 2015] Info: No '[Sun' processes found.
[Sun Nov  8 16:00:12 2015] Info: No '[Sun' processes found.
[Sun Nov  8 16:00:12 2015] Info: No '[Sun' processes found.
[Sun Nov  8 16:00:12 2015] Info: No '[Sun' processes found.
[Sun Nov  8 16:00:12 2015] Info: No ''' processes found.
[Sun Nov  8 16:00:12 2015] Info: No '[Sun' processes found.
[Sun Nov  8 16:00:12 2015] Info: No '[Sun' processes found.
[Sun Nov  8 16:00:12 2015] Info: No '[Sun' processes found.
[Sun Nov  8 16:00:12 2015] Info: No '[Sun' processes found.
[Sun Nov  8 16:00:12 2015] Info: No '[Sun' processes found.
[Sun Nov  8 16:00:12 2015] Info: No '[Sun' processes found.
[Sun Nov  8 16:00:12 2015] Info: No '[Sun' processes found.
[Sun Nov  8 16:00:12 2015] Info: No '[Sun' processes found.
[Sun Nov  8 16:00:12 2015] Info: No '[Sun' processes found.
[Sun Nov  8 16:00:12 2015] Info: No '[Sun' processes found.
[Sun Nov  8 16:00:12 2015] Info: No '[Sun' processes found.
[Sun Nov  8 16:00:12 2015] Info: No '[Sun' processes found.
[Sun Nov  8 16:00:12 2015] Info: No '[Sun' processes found.
[Sun Nov  8 16:00:12 2015] Info: No '[Sun' processes found.
[Sun Nov  8 16:00:12 2015] Info: No '[Sun' processes found.
[Sun Nov  8 16:00:12 2015] Info: No '[Sun' processes found.
[Sun Nov  8 16:00:12 2015] Info: No '[Sun' processes found.
[Sun Nov  8 16:00:12 2015] Info: No '[Sun' processes found.
[Sun Nov  8 16:00:12 2015] Info: No '[Sun' processes found.
[Sun Nov  8 16:00:12 2015] Info: No '[Sun' processes found.
[Sun Nov  8 16:00:12 2015] Info: No '[Sun' processes found.
[Sun Nov  8 16:00:12 2015] Info: No '[Sun' processes found.
[Sun Nov  8 16:00:12 2015] Info: No '[Sun' processes found.
[Sun Nov  8 16:00:12 2015] Info: No '[Sun' processes found.
[Sun Nov  8 16:00:12 2015] Info: No '[Sun' processes found.
[Sun Nov  8 16:00:12 2015] Info: No '[Sun' processes found.
[Sun Nov  8 16:00:12 2015] Info: No '[Sun' processes found.
[Sun Nov  8 16:00:12 2015] Info: No '
' processes found.
[Sun Nov  8 16:00:12 2015] Info: No '[Sun' processes found.
[Sun Nov  8 16:00:12 2015] Info: No '[Sun' processes found.
[Sun Nov  8 16:00:12 2015] Info: No '[Sun' processes found.
[Sun Nov  8 16:00:12 2015] Info: No '[Sun' processes found.
[Sun Nov  8 16:00:12 2015] Info: No '[Sun' processes found.
[Sun Nov  8 16:00:12 2015] Info: No '[Sun' processes found.
[Sun Nov  8 16:00:12 2015] Info: No '[Sun' processes found.
[Sun Nov  8 16:00:12 2015] Info: No '[Sun' processes found.
[Sun Nov  8 16:00:12 2015] Info: No '[Sun' processes found.
[Sun Nov  8 16:00:12 2015] Info: No ''' processes found.
[Sun Nov  8 16:00:12 2015] Info: No '[Sun' processes found.
[Sun Nov  8 16:00:12 2015] Info: No '[Sun' processes found.
[Sun Nov  8 16:00:12 2015] Info: No '[Sun' processes found.
[Sun Nov  8 16:00:12 2015] Info: No '[Sun' processes found.
[Sun Nov  8 16:00:12 2015] Info: No '[Sun' processes found.
[Sun Nov  8 16:00:12 2015] Info: No '[Sun' processes found.
[Sun Nov  8 16:00:12 2015] Info: No '[Sun' processes found.
[Sun Nov  8 16:00:12 2015] Info: No '[Sun' processes found.
[Sun Nov  8 16:00:12 2015] Info: No '[Sun' processes found.
[Sun Nov  8 16:00:12 2015] Info: No '[Sun' processes found.
[Sun Nov  8 16:00:12 2015] Info: No '[Sun' processes found.
[Sun Nov  8 16:00:12 2015] Info: No '[Sun' processes found.
[Sun Nov  8 16:00:12 2015] Info: No '[Sun' processes found.
[Sun Nov  8 16:00:12 2015] Info: No ''' processes found.
[Sun Nov  8 16:00:12 2015] Info: No '[Sun' processes found.
[Sun Nov  8 16:00:12 2015] Info: No '[Sun' processes found.
[Sun Nov  8 16:00:12 2015] Info: No '[Sun' processes found.
[Sun Nov  8 16:00:12 2015] Info: No '[Sun' processes found.
[Sun Nov  8 16:00:20 2015] Info: Initializing monitoring of process 'b.out' (PID 15851).
